{"C:\\Users\\admin\\Documents\\movie-pigeon-server\\backend\\server.js":{"path":"C:\\Users\\admin\\Documents\\movie-pigeon-server\\backend\\server.js","statementMap":{"0":{"start":{"line":1,"column":14},"end":{"line":1,"column":32}},"1":{"start":{"line":2,"column":13},"end":{"line":2,"column":30}},"2":{"start":{"line":3,"column":17},"end":{"line":3,"column":39}},"3":{"start":{"line":4,"column":14},"end":{"line":4,"column":40}},"4":{"start":{"line":5,"column":19},"end":{"line":5,"column":43}},"5":{"start":{"line":6,"column":11},"end":{"line":6,"column":26}},"6":{"start":{"line":7,"column":15},"end":{"line":7,"column":34}},"7":{"start":{"line":8,"column":11},"end":{"line":8,"column":26}},"8":{"start":{"line":9,"column":13},"end":{"line":9,"column":41}},"9":{"start":{"line":11,"column":10},"end":{"line":11,"column":19}},"10":{"start":{"line":12,"column":0},"end":{"line":12,"column":49}},"11":{"start":{"line":13,"column":0},"end":{"line":13,"column":42}},"12":{"start":{"line":14,"column":0},"end":{"line":14,"column":23}},"13":{"start":{"line":15,"column":0},"end":{"line":15,"column":24}},"14":{"start":{"line":16,"column":0},"end":{"line":23,"column":4}},"15":{"start":{"line":18,"column":4},"end":{"line":18,"column":21}},"16":{"start":{"line":25,"column":0},"end":{"line":25,"column":31}},"17":{"start":{"line":26,"column":0},"end":{"line":26,"column":28}},"18":{"start":{"line":27,"column":0},"end":{"line":27,"column":30}},"19":{"start":{"line":28,"column":0},"end":{"line":28,"column":49}},"20":{"start":{"line":30,"column":0},"end":{"line":30,"column":24}},"21":{"start":{"line":32,"column":0},"end":{"line":34,"column":3}},"22":{"start":{"line":33,"column":2},"end":{"line":33,"column":69}},"23":{"start":{"line":37,"column":0},"end":{"line":37,"column":21}}},"fnMap":{"0":{"name":"(anonymous_0)","decl":{"start":{"line":17,"column":9},"end":{"line":17,"column":10}},"loc":{"start":{"line":17,"column":24},"end":{"line":19,"column":3}},"line":17},"1":{"name":"(anonymous_1)","decl":{"start":{"line":32,"column":28},"end":{"line":32,"column":29}},"loc":{"start":{"line":32,"column":40},"end":{"line":34,"column":1}},"line":32}},"branchMap":{"0":{"loc":{"start":{"line":13,"column":16},"end":{"line":13,"column":40}},"type":"binary-expr","locations":[{"start":{"line":13,"column":16},"end":{"line":13,"column":32}},{"start":{"line":13,"column":36},"end":{"line":13,"column":40}}],"line":13}},"s":{"0":1,"1":1,"2":1,"3":1,"4":1,"5":1,"6":1,"7":1,"8":1,"9":1,"10":1,"11":1,"12":1,"13":1,"14":1,"15":38,"16":1,"17":1,"18":1,"19":1,"20":1,"21":1,"22":1,"23":1},"f":{"0":38,"1":1},"b":{"0":[1,1]},"_coverageSchema":"332fd63041d2c1bcb487cc26dd0d5f7d97098a6c","hash":"25cf635ac5adcf04dd95338c627cbb1a30014443","contentHash":"3442825dc570ac8428479b0ebffc56a1_10.2.0"},"C:\\Users\\admin\\Documents\\movie-pigeon-server\\backend\\routes\\index.js":{"path":"C:\\Users\\admin\\Documents\\movie-pigeon-server\\backend\\routes\\index.js","statementMap":{"0":{"start":{"line":1,"column":14},"end":{"line":1,"column":32}},"1":{"start":{"line":2,"column":13},"end":{"line":2,"column":29}},"2":{"start":{"line":3,"column":18},"end":{"line":3,"column":51}},"3":{"start":{"line":4,"column":21},"end":{"line":4,"column":51}},"4":{"start":{"line":5,"column":23},"end":{"line":5,"column":55}},"5":{"start":{"line":6,"column":23},"end":{"line":6,"column":55}},"6":{"start":{"line":7,"column":25},"end":{"line":7,"column":59}},"7":{"start":{"line":8,"column":22},"end":{"line":8,"column":53}},"8":{"start":{"line":9,"column":23},"end":{"line":9,"column":53}},"9":{"start":{"line":10,"column":27},"end":{"line":10,"column":71}},"10":{"start":{"line":11,"column":19},"end":{"line":11,"column":44}},"11":{"start":{"line":12,"column":23},"end":{"line":12,"column":58}},"12":{"start":{"line":13,"column":24},"end":{"line":13,"column":60}},"13":{"start":{"line":14,"column":31},"end":{"line":14,"column":71}},"14":{"start":{"line":17,"column":0},"end":{"line":19,"column":60}},"15":{"start":{"line":21,"column":0},"end":{"line":22,"column":67}},"16":{"start":{"line":24,"column":0},"end":{"line":25,"column":67}},"17":{"start":{"line":27,"column":0},"end":{"line":28,"column":40}},"18":{"start":{"line":30,"column":0},"end":{"line":32,"column":3}},"19":{"start":{"line":31,"column":2},"end":{"line":31,"column":38}},"20":{"start":{"line":35,"column":0},"end":{"line":37,"column":68}},"21":{"start":{"line":40,"column":0},"end":{"line":42,"column":67}},"22":{"start":{"line":44,"column":0},"end":{"line":45,"column":72}},"23":{"start":{"line":48,"column":0},"end":{"line":49,"column":70}},"24":{"start":{"line":51,"column":0},"end":{"line":52,"column":70}},"25":{"start":{"line":53,"column":0},"end":{"line":54,"column":73}},"26":{"start":{"line":55,"column":0},"end":{"line":56,"column":82}},"27":{"start":{"line":57,"column":0},"end":{"line":58,"column":79}},"28":{"start":{"line":59,"column":0},"end":{"line":60,"column":77}},"29":{"start":{"line":62,"column":0},"end":{"line":65,"column":78}},"30":{"start":{"line":67,"column":0},"end":{"line":69,"column":66}},"31":{"start":{"line":71,"column":0},"end":{"line":72,"column":83}},"32":{"start":{"line":74,"column":0},"end":{"line":76,"column":46}},"33":{"start":{"line":78,"column":0},"end":{"line":80,"column":45}},"34":{"start":{"line":82,"column":0},"end":{"line":83,"column":68}},"35":{"start":{"line":85,"column":0},"end":{"line":86,"column":77}},"36":{"start":{"line":87,"column":0},"end":{"line":88,"column":77}},"37":{"start":{"line":90,"column":0},"end":{"line":90,"column":24}}},"fnMap":{"0":{"name":"(anonymous_0)","decl":{"start":{"line":30,"column":60},"end":{"line":30,"column":61}},"loc":{"start":{"line":30,"column":80},"end":{"line":32,"column":1}},"line":30}},"branchMap":{},"s":{"0":1,"1":1,"2":1,"3":1,"4":1,"5":1,"6":1,"7":1,"8":1,"9":1,"10":1,"11":1,"12":1,"13":1,"14":1,"15":1,"16":1,"17":1,"18":1,"19":0,"20":1,"21":1,"22":1,"23":1,"24":1,"25":1,"26":1,"27":1,"28":1,"29":1,"30":1,"31":1,"32":1,"33":1,"34":1,"35":1,"36":1,"37":1},"f":{"0":0},"b":{},"_coverageSchema":"332fd63041d2c1bcb487cc26dd0d5f7d97098a6c","hash":"a8652140e989fa32125700eb4ff4ca06b54163ee","contentHash":"b4b02cb7a78c30a2479ab6cf9ab73696_10.2.0"},"C:\\Users\\admin\\Documents\\movie-pigeon-server\\backend\\controllers\\user.js":{"path":"C:\\Users\\admin\\Documents\\movie-pigeon-server\\backend\\controllers\\user.js","statementMap":{"0":{"start":{"line":1,"column":11},"end":{"line":1,"column":38}},"1":{"start":{"line":2,"column":16},"end":{"line":2,"column":44}},"2":{"start":{"line":5,"column":0},"end":{"line":33,"column":2}},"3":{"start":{"line":6,"column":17},"end":{"line":6,"column":34}},"4":{"start":{"line":7,"column":17},"end":{"line":7,"column":34}},"5":{"start":{"line":8,"column":14},"end":{"line":8,"column":28}},"6":{"start":{"line":11,"column":2},"end":{"line":32,"column":7}},"7":{"start":{"line":13,"column":6},"end":{"line":31,"column":7}},"8":{"start":{"line":14,"column":8},"end":{"line":17,"column":11}},"9":{"start":{"line":19,"column":8},"end":{"line":30,"column":13}},"10":{"start":{"line":21,"column":12},"end":{"line":21,"column":24}},"11":{"start":{"line":22,"column":12},"end":{"line":25,"column":15}},"12":{"start":{"line":29,"column":12},"end":{"line":29,"column":26}},"13":{"start":{"line":36,"column":0},"end":{"line":38,"column":2}},"14":{"start":{"line":37,"column":2},"end":{"line":37,"column":65}},"15":{"start":{"line":41,"column":0},"end":{"line":66,"column":2}},"16":{"start":{"line":42,"column":17},"end":{"line":42,"column":34}},"17":{"start":{"line":43,"column":13},"end":{"line":43,"column":21}},"18":{"start":{"line":45,"column":2},"end":{"line":65,"column":3}},"19":{"start":{"line":46,"column":4},"end":{"line":59,"column":5}},"20":{"start":{"line":47,"column":6},"end":{"line":50,"column":9}},"21":{"start":{"line":52,"column":6},"end":{"line":58,"column":11}},"22":{"start":{"line":54,"column":10},"end":{"line":57,"column":13}},"23":{"start":{"line":61,"column":4},"end":{"line":64,"column":7}},"24":{"start":{"line":69,"column":0},"end":{"line":94,"column":2}},"25":{"start":{"line":70,"column":17},"end":{"line":70,"column":34}},"26":{"start":{"line":71,"column":13},"end":{"line":71,"column":21}},"27":{"start":{"line":73,"column":2},"end":{"line":93,"column":3}},"28":{"start":{"line":74,"column":4},"end":{"line":87,"column":5}},"29":{"start":{"line":75,"column":6},"end":{"line":78,"column":9}},"30":{"start":{"line":80,"column":6},"end":{"line":86,"column":11}},"31":{"start":{"line":82,"column":10},"end":{"line":85,"column":13}},"32":{"start":{"line":89,"column":4},"end":{"line":92,"column":7}}},"fnMap":{"0":{"name":"(anonymous_0)","decl":{"start":{"line":5,"column":19},"end":{"line":5,"column":20}},"loc":{"start":{"line":5,"column":39},"end":{"line":33,"column":1}},"line":5},"1":{"name":"(anonymous_1)","decl":{"start":{"line":12,"column":10},"end":{"line":12,"column":11}},"loc":{"start":{"line":12,"column":27},"end":{"line":32,"column":5}},"line":12},"2":{"name":"(anonymous_2)","decl":{"start":{"line":20,"column":16},"end":{"line":20,"column":17}},"loc":{"start":{"line":20,"column":28},"end":{"line":27,"column":11}},"line":20},"3":{"name":"(anonymous_3)","decl":{"start":{"line":28,"column":17},"end":{"line":28,"column":18}},"loc":{"start":{"line":28,"column":32},"end":{"line":30,"column":11}},"line":28},"4":{"name":"(anonymous_4)","decl":{"start":{"line":36,"column":18},"end":{"line":36,"column":19}},"loc":{"start":{"line":36,"column":38},"end":{"line":38,"column":1}},"line":36},"5":{"name":"(anonymous_5)","decl":{"start":{"line":41,"column":25},"end":{"line":41,"column":26}},"loc":{"start":{"line":41,"column":45},"end":{"line":66,"column":1}},"line":41},"6":{"name":"(anonymous_6)","decl":{"start":{"line":53,"column":14},"end":{"line":53,"column":15}},"loc":{"start":{"line":53,"column":26},"end":{"line":58,"column":9}},"line":53},"7":{"name":"(anonymous_7)","decl":{"start":{"line":69,"column":25},"end":{"line":69,"column":26}},"loc":{"start":{"line":69,"column":45},"end":{"line":94,"column":1}},"line":69},"8":{"name":"(anonymous_8)","decl":{"start":{"line":81,"column":14},"end":{"line":81,"column":15}},"loc":{"start":{"line":81,"column":26},"end":{"line":86,"column":9}},"line":81}},"branchMap":{"0":{"loc":{"start":{"line":13,"column":6},"end":{"line":31,"column":7}},"type":"if","locations":[{"start":{"line":13,"column":6},"end":{"line":31,"column":7}},{"start":{"line":13,"column":6},"end":{"line":31,"column":7}}],"line":13},"1":{"loc":{"start":{"line":45,"column":2},"end":{"line":65,"column":3}},"type":"if","locations":[{"start":{"line":45,"column":2},"end":{"line":65,"column":3}},{"start":{"line":45,"column":2},"end":{"line":65,"column":3}}],"line":45},"2":{"loc":{"start":{"line":46,"column":4},"end":{"line":59,"column":5}},"type":"if","locations":[{"start":{"line":46,"column":4},"end":{"line":59,"column":5}},{"start":{"line":46,"column":4},"end":{"line":59,"column":5}}],"line":46},"3":{"loc":{"start":{"line":73,"column":2},"end":{"line":93,"column":3}},"type":"if","locations":[{"start":{"line":73,"column":2},"end":{"line":93,"column":3}},{"start":{"line":73,"column":2},"end":{"line":93,"column":3}}],"line":73},"4":{"loc":{"start":{"line":74,"column":4},"end":{"line":87,"column":5}},"type":"if","locations":[{"start":{"line":74,"column":4},"end":{"line":87,"column":5}},{"start":{"line":74,"column":4},"end":{"line":87,"column":5}}],"line":74}},"s":{"0":1,"1":1,"2":1,"3":2,"4":2,"5":2,"6":2,"7":2,"8":1,"9":1,"10":1,"11":1,"12":0,"13":1,"14":0,"15":1,"16":3,"17":3,"18":3,"19":2,"20":1,"21":1,"22":1,"23":1,"24":1,"25":3,"26":3,"27":3,"28":2,"29":1,"30":1,"31":1,"32":1},"f":{"0":2,"1":2,"2":1,"3":0,"4":0,"5":3,"6":1,"7":3,"8":1},"b":{"0":[1,1],"1":[2,1],"2":[1,1],"3":[2,1],"4":[1,1]},"_coverageSchema":"332fd63041d2c1bcb487cc26dd0d5f7d97098a6c","hash":"2bbcb0a3e24d62e6d0fccb3708a4c8620ca7b0e3","contentHash":"5342fcc1feb9c95b885a0f197c9fca3d_10.2.0"},"C:\\Users\\admin\\Documents\\movie-pigeon-server\\backend\\proxy\\user.js":{"path":"C:\\Users\\admin\\Documents\\movie-pigeon-server\\backend\\proxy\\user.js","statementMap":{"0":{"start":{"line":1,"column":11},"end":{"line":1,"column":39}},"1":{"start":{"line":3,"column":0},"end":{"line":9,"column":2}},"2":{"start":{"line":4,"column":2},"end":{"line":8,"column":5}},"3":{"start":{"line":11,"column":0},"end":{"line":17,"column":2}},"4":{"start":{"line":12,"column":2},"end":{"line":16,"column":4}},"5":{"start":{"line":19,"column":0},"end":{"line":23,"column":2}},"6":{"start":{"line":20,"column":2},"end":{"line":22,"column":4}},"7":{"start":{"line":25,"column":0},"end":{"line":29,"column":2}},"8":{"start":{"line":26,"column":2},"end":{"line":28,"column":4}}},"fnMap":{"0":{"name":"(anonymous_0)","decl":{"start":{"line":3,"column":32},"end":{"line":3,"column":33}},"loc":{"start":{"line":3,"column":49},"end":{"line":9,"column":1}},"line":3},"1":{"name":"(anonymous_1)","decl":{"start":{"line":11,"column":26},"end":{"line":11,"column":27}},"loc":{"start":{"line":11,"column":63},"end":{"line":17,"column":1}},"line":11},"2":{"name":"(anonymous_2)","decl":{"start":{"line":19,"column":36},"end":{"line":19,"column":37}},"loc":{"start":{"line":19,"column":62},"end":{"line":23,"column":1}},"line":19},"3":{"name":"(anonymous_3)","decl":{"start":{"line":25,"column":36},"end":{"line":25,"column":37}},"loc":{"start":{"line":25,"column":62},"end":{"line":29,"column":1}},"line":25}},"branchMap":{},"s":{"0":1,"1":1,"2":2,"3":1,"4":2,"5":1,"6":2,"7":1,"8":2},"f":{"0":2,"1":2,"2":2,"3":2},"b":{},"_coverageSchema":"332fd63041d2c1bcb487cc26dd0d5f7d97098a6c","hash":"2c943be62ea206a7b45ec26df82ef0a71ee99103","contentHash":"903fcd189160861b12da80823f17d3af_10.2.0"},"C:\\Users\\admin\\Documents\\movie-pigeon-server\\backend\\models\\user.js":{"path":"C:\\Users\\admin\\Documents\\movie-pigeon-server\\backend\\models\\user.js","statementMap":{"0":{"start":{"line":1,"column":16},"end":{"line":1,"column":34}},"1":{"start":{"line":2,"column":13},"end":{"line":2,"column":30}},"2":{"start":{"line":3,"column":16},"end":{"line":3,"column":36}},"3":{"start":{"line":5,"column":11},"end":{"line":42,"column":1}},"4":{"start":{"line":27,"column":21},"end":{"line":27,"column":46}},"5":{"start":{"line":28,"column":8},"end":{"line":28,"column":32}},"6":{"start":{"line":29,"column":8},"end":{"line":29,"column":40}},"7":{"start":{"line":30,"column":8},"end":{"line":30,"column":42}},"8":{"start":{"line":35,"column":21},"end":{"line":35,"column":46}},"9":{"start":{"line":36,"column":8},"end":{"line":36,"column":32}},"10":{"start":{"line":37,"column":8},"end":{"line":37,"column":40}},"11":{"start":{"line":38,"column":8},"end":{"line":38,"column":24}},"12":{"start":{"line":44,"column":0},"end":{"line":44,"column":19}},"13":{"start":{"line":46,"column":0},"end":{"line":46,"column":22}}},"fnMap":{"0":{"name":"(anonymous_0)","decl":{"start":{"line":26,"column":21},"end":{"line":26,"column":22}},"loc":{"start":{"line":26,"column":41},"end":{"line":31,"column":7}},"line":26},"1":{"name":"(anonymous_1)","decl":{"start":{"line":34,"column":25},"end":{"line":34,"column":26}},"loc":{"start":{"line":34,"column":45},"end":{"line":39,"column":7}},"line":34}},"branchMap":{},"s":{"0":1,"1":1,"2":1,"3":1,"4":39,"5":39,"6":39,"7":39,"8":25,"9":25,"10":25,"11":25,"12":1,"13":1},"f":{"0":39,"1":25},"b":{},"_coverageSchema":"332fd63041d2c1bcb487cc26dd0d5f7d97098a6c","hash":"91c287a94fe19ba8d8d0e0bb3a1d450480c7b58a","contentHash":"983ff2e89c19273576279895ca400e43_10.2.0"},"C:\\Users\\admin\\Documents\\movie-pigeon-server\\backend\\models\\db.js":{"path":"C:\\Users\\admin\\Documents\\movie-pigeon-server\\backend\\models\\db.js","statementMap":{"0":{"start":{"line":1,"column":16},"end":{"line":1,"column":36}},"1":{"start":{"line":4,"column":10},"end":{"line":4,"column":61}},"2":{"start":{"line":5,"column":13},"end":{"line":5,"column":45}},"3":{"start":{"line":6,"column":15},"end":{"line":6,"column":55}},"4":{"start":{"line":8,"column":0},"end":{"line":19,"column":2}}},"fnMap":{},"branchMap":{"0":{"loc":{"start":{"line":4,"column":10},"end":{"line":4,"column":61}},"type":"cond-expr","locations":[{"start":{"line":4,"column":33},"end":{"line":4,"column":53}},{"start":{"line":4,"column":56},"end":{"line":4,"column":61}}],"line":4},"1":{"loc":{"start":{"line":6,"column":15},"end":{"line":6,"column":55}},"type":"cond-expr","locations":[{"start":{"line":6,"column":33},"end":{"line":6,"column":48}},{"start":{"line":6,"column":51},"end":{"line":6,"column":55}}],"line":6}},"s":{"0":1,"1":1,"2":1,"3":1,"4":1},"f":{},"b":{"0":[0,1],"1":[1,0]},"_coverageSchema":"332fd63041d2c1bcb487cc26dd0d5f7d97098a6c","hash":"4c3f1fed953c9ed4aeb3537ffd529c9ba35df347","contentHash":"eeb0cb73583cbcdd159bd081480c70fb_10.2.0"},"C:\\Users\\admin\\Documents\\movie-pigeon-server\\backend\\controllers\\auth.js":{"path":"C:\\Users\\admin\\Documents\\movie-pigeon-server\\backend\\controllers\\auth.js","statementMap":{"0":{"start":{"line":1,"column":15},"end":{"line":1,"column":34}},"1":{"start":{"line":2,"column":20},"end":{"line":2,"column":58}},"2":{"start":{"line":3,"column":21},"end":{"line":3,"column":61}},"3":{"start":{"line":4,"column":11},"end":{"line":4,"column":36}},"4":{"start":{"line":5,"column":13},"end":{"line":5,"column":40}},"5":{"start":{"line":6,"column":12},"end":{"line":6,"column":38}},"6":{"start":{"line":8,"column":0},"end":{"line":20,"column":3}},"7":{"start":{"line":10,"column":4},"end":{"line":18,"column":7}},"8":{"start":{"line":11,"column":6},"end":{"line":13,"column":7}},"9":{"start":{"line":12,"column":8},"end":{"line":12,"column":72}},"10":{"start":{"line":14,"column":6},"end":{"line":16,"column":7}},"11":{"start":{"line":15,"column":8},"end":{"line":15,"column":67}},"12":{"start":{"line":17,"column":6},"end":{"line":17,"column":30}},"13":{"start":{"line":22,"column":0},"end":{"line":34,"column":3}},"14":{"start":{"line":24,"column":4},"end":{"line":32,"column":7}},"15":{"start":{"line":26,"column":6},"end":{"line":28,"column":7}},"16":{"start":{"line":27,"column":8},"end":{"line":27,"column":37}},"17":{"start":{"line":31,"column":6},"end":{"line":31,"column":36}},"18":{"start":{"line":36,"column":0},"end":{"line":54,"column":3}},"19":{"start":{"line":38,"column":4},"end":{"line":52,"column":7}},"20":{"start":{"line":40,"column":6},"end":{"line":42,"column":7}},"21":{"start":{"line":41,"column":8},"end":{"line":41,"column":37}},"22":{"start":{"line":44,"column":6},"end":{"line":51,"column":9}},"23":{"start":{"line":46,"column":8},"end":{"line":48,"column":9}},"24":{"start":{"line":47,"column":10},"end":{"line":47,"column":39}},"25":{"start":{"line":50,"column":8},"end":{"line":50,"column":43}},"26":{"start":{"line":57,"column":0},"end":{"line":57,"column":87}},"27":{"start":{"line":58,"column":0},"end":{"line":58,"column":88}},"28":{"start":{"line":59,"column":0},"end":{"line":59,"column":82}}},"fnMap":{"0":{"name":"(anonymous_0)","decl":{"start":{"line":9,"column":2},"end":{"line":9,"column":3}},"loc":{"start":{"line":9,"column":38},"end":{"line":19,"column":3}},"line":9},"1":{"name":"(anonymous_1)","decl":{"start":{"line":10,"column":47},"end":{"line":10,"column":48}},"loc":{"start":{"line":10,"column":63},"end":{"line":18,"column":5}},"line":10},"2":{"name":"(anonymous_2)","decl":{"start":{"line":23,"column":2},"end":{"line":23,"column":3}},"loc":{"start":{"line":23,"column":42},"end":{"line":33,"column":3}},"line":23},"3":{"name":"(anonymous_3)","decl":{"start":{"line":24,"column":49},"end":{"line":24,"column":50}},"loc":{"start":{"line":24,"column":67},"end":{"line":32,"column":5}},"line":24},"4":{"name":"(anonymous_4)","decl":{"start":{"line":37,"column":2},"end":{"line":37,"column":3}},"loc":{"start":{"line":37,"column":35},"end":{"line":53,"column":3}},"line":37},"5":{"name":"(anonymous_5)","decl":{"start":{"line":38,"column":54},"end":{"line":38,"column":55}},"loc":{"start":{"line":38,"column":71},"end":{"line":52,"column":5}},"line":38},"6":{"name":"(anonymous_6)","decl":{"start":{"line":44,"column":53},"end":{"line":44,"column":54}},"loc":{"start":{"line":44,"column":69},"end":{"line":51,"column":7}},"line":44}},"branchMap":{"0":{"loc":{"start":{"line":11,"column":6},"end":{"line":13,"column":7}},"type":"if","locations":[{"start":{"line":11,"column":6},"end":{"line":13,"column":7}},{"start":{"line":11,"column":6},"end":{"line":13,"column":7}}],"line":11},"1":{"loc":{"start":{"line":14,"column":6},"end":{"line":16,"column":7}},"type":"if","locations":[{"start":{"line":14,"column":6},"end":{"line":16,"column":7}},{"start":{"line":14,"column":6},"end":{"line":16,"column":7}}],"line":14},"2":{"loc":{"start":{"line":26,"column":6},"end":{"line":28,"column":7}},"type":"if","locations":[{"start":{"line":26,"column":6},"end":{"line":28,"column":7}},{"start":{"line":26,"column":6},"end":{"line":28,"column":7}}],"line":26},"3":{"loc":{"start":{"line":26,"column":10},"end":{"line":26,"column":47}},"type":"binary-expr","locations":[{"start":{"line":26,"column":10},"end":{"line":26,"column":17}},{"start":{"line":26,"column":21},"end":{"line":26,"column":47}}],"line":26},"4":{"loc":{"start":{"line":40,"column":6},"end":{"line":42,"column":7}},"type":"if","locations":[{"start":{"line":40,"column":6},"end":{"line":42,"column":7}},{"start":{"line":40,"column":6},"end":{"line":42,"column":7}}],"line":40},"5":{"loc":{"start":{"line":46,"column":8},"end":{"line":48,"column":9}},"type":"if","locations":[{"start":{"line":46,"column":8},"end":{"line":48,"column":9}},{"start":{"line":46,"column":8},"end":{"line":48,"column":9}}],"line":46}},"s":{"0":1,"1":1,"2":1,"3":1,"4":1,"5":1,"6":1,"7":35,"8":35,"9":1,"10":34,"11":3,"12":31,"13":1,"14":0,"15":0,"16":0,"17":0,"18":1,"19":0,"20":0,"21":0,"22":0,"23":0,"24":0,"25":0,"26":1,"27":1,"28":1},"f":{"0":35,"1":35,"2":0,"3":0,"4":0,"5":0,"6":0},"b":{"0":[1,34],"1":[3,31],"2":[0,0],"3":[0,0],"4":[0,0],"5":[0,0]},"_coverageSchema":"332fd63041d2c1bcb487cc26dd0d5f7d97098a6c","hash":"fbe49535beb5af025121533e9443fd7878579f1e","contentHash":"4fcf4639104b929c59fea71071098a3b_10.2.0"},"C:\\Users\\admin\\Documents\\movie-pigeon-server\\backend\\models\\client.js":{"path":"C:\\Users\\admin\\Documents\\movie-pigeon-server\\backend\\models\\client.js","statementMap":{"0":{"start":{"line":1,"column":16},"end":{"line":1,"column":34}},"1":{"start":{"line":2,"column":13},"end":{"line":2,"column":30}},"2":{"start":{"line":3,"column":16},"end":{"line":3,"column":36}},"3":{"start":{"line":5,"column":13},"end":{"line":38,"column":1}},"4":{"start":{"line":31,"column":21},"end":{"line":31,"column":46}},"5":{"start":{"line":32,"column":8},"end":{"line":32,"column":32}},"6":{"start":{"line":33,"column":8},"end":{"line":33,"column":40}},"7":{"start":{"line":34,"column":8},"end":{"line":34,"column":42}},"8":{"start":{"line":40,"column":0},"end":{"line":40,"column":19}},"9":{"start":{"line":41,"column":0},"end":{"line":41,"column":24}}},"fnMap":{"0":{"name":"(anonymous_0)","decl":{"start":{"line":30,"column":21},"end":{"line":30,"column":22}},"loc":{"start":{"line":30,"column":41},"end":{"line":35,"column":7}},"line":30}},"branchMap":{},"s":{"0":1,"1":1,"2":1,"3":1,"4":0,"5":0,"6":0,"7":0,"8":1,"9":1},"f":{"0":0},"b":{},"_coverageSchema":"332fd63041d2c1bcb487cc26dd0d5f7d97098a6c","hash":"5aebe4154146a397ce1a350138707326a41f61ee","contentHash":"717e3bf36700cb49366d347451bfd5d3_10.2.0"},"C:\\Users\\admin\\Documents\\movie-pigeon-server\\backend\\models\\token.js":{"path":"C:\\Users\\admin\\Documents\\movie-pigeon-server\\backend\\models\\token.js","statementMap":{"0":{"start":{"line":2,"column":16},"end":{"line":2,"column":34}},"1":{"start":{"line":3,"column":16},"end":{"line":3,"column":36}},"2":{"start":{"line":5,"column":12},"end":{"line":15,"column":2}},"3":{"start":{"line":17,"column":0},"end":{"line":17,"column":19}},"4":{"start":{"line":19,"column":0},"end":{"line":19,"column":23}}},"fnMap":{},"branchMap":{},"s":{"0":1,"1":1,"2":1,"3":1,"4":1},"f":{},"b":{},"_coverageSchema":"332fd63041d2c1bcb487cc26dd0d5f7d97098a6c","hash":"354823954d37f6639bfa57d2de1df38af2502bdf","contentHash":"fa7a04fe0c7436c0131ed54537ed47ab_10.2.0"},"C:\\Users\\admin\\Documents\\movie-pigeon-server\\backend\\controllers\\oauth2.js":{"path":"C:\\Users\\admin\\Documents\\movie-pigeon-server\\backend\\controllers\\oauth2.js","statementMap":{"0":{"start":{"line":2,"column":18},"end":{"line":2,"column":40}},"1":{"start":{"line":3,"column":13},"end":{"line":3,"column":40}},"2":{"start":{"line":4,"column":12},"end":{"line":4,"column":38}},"3":{"start":{"line":5,"column":11},"end":{"line":5,"column":36}},"4":{"start":{"line":8,"column":13},"end":{"line":8,"column":39}},"5":{"start":{"line":23,"column":0},"end":{"line":25,"column":3}},"6":{"start":{"line":24,"column":2},"end":{"line":24,"column":35}},"7":{"start":{"line":27,"column":0},"end":{"line":31,"column":3}},"8":{"start":{"line":28,"column":2},"end":{"line":30,"column":5}},"9":{"start":{"line":29,"column":4},"end":{"line":29,"column":34}},"10":{"start":{"line":47,"column":0},"end":{"line":70,"column":6}},"11":{"start":{"line":50,"column":16},"end":{"line":50,"column":23}},"12":{"start":{"line":51,"column":19},"end":{"line":51,"column":28}},"13":{"start":{"line":52,"column":17},"end":{"line":52,"column":24}},"14":{"start":{"line":53,"column":4},"end":{"line":53,"column":27}},"15":{"start":{"line":55,"column":4},"end":{"line":69,"column":9}},"16":{"start":{"line":63,"column":8},"end":{"line":63,"column":30}},"17":{"start":{"line":66,"column":8},"end":{"line":68,"column":9}},"18":{"start":{"line":67,"column":10},"end":{"line":67,"column":31}},"19":{"start":{"line":78,"column":0},"end":{"line":125,"column":6}},"20":{"start":{"line":80,"column":4},"end":{"line":124,"column":7}},"21":{"start":{"line":81,"column":6},"end":{"line":83,"column":7}},"22":{"start":{"line":82,"column":8},"end":{"line":82,"column":37}},"23":{"start":{"line":84,"column":6},"end":{"line":86,"column":7}},"24":{"start":{"line":85,"column":8},"end":{"line":85,"column":37}},"25":{"start":{"line":87,"column":6},"end":{"line":89,"column":7}},"26":{"start":{"line":88,"column":8},"end":{"line":88,"column":37}},"27":{"start":{"line":92,"column":6},"end":{"line":123,"column":9}},"28":{"start":{"line":94,"column":20},"end":{"line":94,"column":28}},"29":{"start":{"line":95,"column":23},"end":{"line":95,"column":40}},"30":{"start":{"line":96,"column":21},"end":{"line":96,"column":36}},"31":{"start":{"line":98,"column":8},"end":{"line":111,"column":13}},"32":{"start":{"line":105,"column":12},"end":{"line":107,"column":13}},"33":{"start":{"line":106,"column":14},"end":{"line":106,"column":31}},"34":{"start":{"line":110,"column":12},"end":{"line":110,"column":29}},"35":{"start":{"line":113,"column":8},"end":{"line":122,"column":13}},"36":{"start":{"line":116,"column":12},"end":{"line":116,"column":34}},"37":{"start":{"line":119,"column":12},"end":{"line":121,"column":13}},"38":{"start":{"line":120,"column":14},"end":{"line":120,"column":35}},"39":{"start":{"line":143,"column":0},"end":{"line":152,"column":2}},"40":{"start":{"line":145,"column":4},"end":{"line":147,"column":7}},"41":{"start":{"line":146,"column":6},"end":{"line":146,"column":49}},"42":{"start":{"line":150,"column":4},"end":{"line":150,"column":39}},"43":{"start":{"line":161,"column":0},"end":{"line":163,"column":2}},"44":{"start":{"line":172,"column":0},"end":{"line":175,"column":2}},"45":{"start":{"line":188,"column":12},"end":{"line":188,"column":14}},"46":{"start":{"line":189,"column":14},"end":{"line":189,"column":78}},"47":{"start":{"line":190,"column":16},"end":{"line":190,"column":28}},"48":{"start":{"line":192,"column":2},"end":{"line":194,"column":3}},"49":{"start":{"line":193,"column":4},"end":{"line":193,"column":50}},"50":{"start":{"line":196,"column":2},"end":{"line":196,"column":22}},"51":{"start":{"line":209,"column":2},"end":{"line":209,"column":59}}},"fnMap":{"0":{"name":"(anonymous_0)","decl":{"start":{"line":23,"column":23},"end":{"line":23,"column":24}},"loc":{"start":{"line":23,"column":51},"end":{"line":25,"column":1}},"line":23},"1":{"name":"(anonymous_1)","decl":{"start":{"line":27,"column":25},"end":{"line":27,"column":26}},"loc":{"start":{"line":27,"column":49},"end":{"line":31,"column":1}},"line":27},"2":{"name":"(anonymous_2)","decl":{"start":{"line":28,"column":41},"end":{"line":28,"column":42}},"loc":{"start":{"line":28,"column":59},"end":{"line":30,"column":3}},"line":28},"3":{"name":"(anonymous_3)","decl":{"start":{"line":48,"column":2},"end":{"line":48,"column":3}},"loc":{"start":{"line":48,"column":55},"end":{"line":70,"column":3}},"line":48},"4":{"name":"(anonymous_4)","decl":{"start":{"line":62,"column":12},"end":{"line":62,"column":13}},"loc":{"start":{"line":62,"column":31},"end":{"line":64,"column":7}},"line":62},"5":{"name":"(anonymous_5)","decl":{"start":{"line":65,"column":13},"end":{"line":65,"column":14}},"loc":{"start":{"line":65,"column":28},"end":{"line":69,"column":7}},"line":65},"6":{"name":"(anonymous_6)","decl":{"start":{"line":79,"column":2},"end":{"line":79,"column":3}},"loc":{"start":{"line":79,"column":49},"end":{"line":125,"column":3}},"line":79},"7":{"name":"(anonymous_7)","decl":{"start":{"line":80,"column":46},"end":{"line":80,"column":47}},"loc":{"start":{"line":80,"column":66},"end":{"line":124,"column":5}},"line":80},"8":{"name":"(anonymous_8)","decl":{"start":{"line":92,"column":30},"end":{"line":92,"column":31}},"loc":{"start":{"line":92,"column":45},"end":{"line":123,"column":7}},"line":92},"9":{"name":"(anonymous_9)","decl":{"start":{"line":104,"column":16},"end":{"line":104,"column":17}},"loc":{"start":{"line":104,"column":34},"end":{"line":108,"column":11}},"line":104},"10":{"name":"(anonymous_10)","decl":{"start":{"line":109,"column":17},"end":{"line":109,"column":18}},"loc":{"start":{"line":109,"column":32},"end":{"line":111,"column":11}},"line":109},"11":{"name":"(anonymous_11)","decl":{"start":{"line":115,"column":16},"end":{"line":115,"column":17}},"loc":{"start":{"line":115,"column":35},"end":{"line":117,"column":11}},"line":115},"12":{"name":"(anonymous_12)","decl":{"start":{"line":118,"column":17},"end":{"line":118,"column":18}},"loc":{"start":{"line":118,"column":32},"end":{"line":122,"column":11}},"line":118},"13":{"name":"(anonymous_13)","decl":{"start":{"line":144,"column":23},"end":{"line":144,"column":24}},"loc":{"start":{"line":144,"column":66},"end":{"line":148,"column":3}},"line":144},"14":{"name":"(anonymous_14)","decl":{"start":{"line":145,"column":49},"end":{"line":145,"column":50}},"loc":{"start":{"line":145,"column":67},"end":{"line":147,"column":5}},"line":145},"15":{"name":"(anonymous_15)","decl":{"start":{"line":149,"column":2},"end":{"line":149,"column":3}},"loc":{"start":{"line":149,"column":22},"end":{"line":151,"column":3}},"line":149},"16":{"name":"uid","decl":{"start":{"line":187,"column":9},"end":{"line":187,"column":12}},"loc":{"start":{"line":187,"column":18},"end":{"line":197,"column":1}},"line":187},"17":{"name":"getRandomInt","decl":{"start":{"line":208,"column":9},"end":{"line":208,"column":21}},"loc":{"start":{"line":208,"column":32},"end":{"line":210,"column":1}},"line":208}},"branchMap":{"0":{"loc":{"start":{"line":66,"column":8},"end":{"line":68,"column":9}},"type":"if","locations":[{"start":{"line":66,"column":8},"end":{"line":68,"column":9}},{"start":{"line":66,"column":8},"end":{"line":68,"column":9}}],"line":66},"1":{"loc":{"start":{"line":81,"column":6},"end":{"line":83,"column":7}},"type":"if","locations":[{"start":{"line":81,"column":6},"end":{"line":83,"column":7}},{"start":{"line":81,"column":6},"end":{"line":83,"column":7}}],"line":81},"2":{"loc":{"start":{"line":84,"column":6},"end":{"line":86,"column":7}},"type":"if","locations":[{"start":{"line":84,"column":6},"end":{"line":86,"column":7}},{"start":{"line":84,"column":6},"end":{"line":86,"column":7}}],"line":84},"3":{"loc":{"start":{"line":87,"column":6},"end":{"line":89,"column":7}},"type":"if","locations":[{"start":{"line":87,"column":6},"end":{"line":89,"column":7}},{"start":{"line":87,"column":6},"end":{"line":89,"column":7}}],"line":87},"4":{"loc":{"start":{"line":105,"column":12},"end":{"line":107,"column":13}},"type":"if","locations":[{"start":{"line":105,"column":12},"end":{"line":107,"column":13}},{"start":{"line":105,"column":12},"end":{"line":107,"column":13}}],"line":105},"5":{"loc":{"start":{"line":119,"column":12},"end":{"line":121,"column":13}},"type":"if","locations":[{"start":{"line":119,"column":12},"end":{"line":121,"column":13}},{"start":{"line":119,"column":12},"end":{"line":121,"column":13}}],"line":119}},"s":{"0":1,"1":1,"2":1,"3":1,"4":1,"5":1,"6":0,"7":1,"8":0,"9":0,"10":1,"11":0,"12":0,"13":0,"14":0,"15":0,"16":0,"17":0,"18":0,"19":1,"20":0,"21":0,"22":0,"23":0,"24":0,"25":0,"26":0,"27":0,"28":0,"29":0,"30":0,"31":0,"32":0,"33":0,"34":0,"35":0,"36":0,"37":0,"38":0,"39":1,"40":0,"41":0,"42":0,"43":1,"44":1,"45":0,"46":0,"47":0,"48":0,"49":0,"50":0,"51":0},"f":{"0":0,"1":0,"2":0,"3":0,"4":0,"5":0,"6":0,"7":0,"8":0,"9":0,"10":0,"11":0,"12":0,"13":0,"14":0,"15":0,"16":0,"17":0},"b":{"0":[0,0],"1":[0,0],"2":[0,0],"3":[0,0],"4":[0,0],"5":[0,0]},"_coverageSchema":"332fd63041d2c1bcb487cc26dd0d5f7d97098a6c","hash":"d49e0a9f03b31d44de308bbfd8a3c0cf80cfd53e","contentHash":"7cefe50280ffaf121f1938e64cb5f56f_10.2.0"},"C:\\Users\\admin\\Documents\\movie-pigeon-server\\backend\\models\\code.js":{"path":"C:\\Users\\admin\\Documents\\movie-pigeon-server\\backend\\models\\code.js","statementMap":{"0":{"start":{"line":2,"column":16},"end":{"line":2,"column":34}},"1":{"start":{"line":3,"column":16},"end":{"line":3,"column":36}},"2":{"start":{"line":6,"column":17},"end":{"line":19,"column":2}},"3":{"start":{"line":21,"column":0},"end":{"line":21,"column":19}},"4":{"start":{"line":23,"column":0},"end":{"line":23,"column":28}}},"fnMap":{},"branchMap":{},"s":{"0":1,"1":1,"2":1,"3":1,"4":1},"f":{},"b":{},"_coverageSchema":"332fd63041d2c1bcb487cc26dd0d5f7d97098a6c","hash":"fd9ce8eefde6c2c36e5d4f41e5e6174b8f9245f2","contentHash":"d68fd9d80adc55b96b464900d0a2d966_10.2.0"},"C:\\Users\\admin\\Documents\\movie-pigeon-server\\backend\\controllers\\client.js":{"path":"C:\\Users\\admin\\Documents\\movie-pigeon-server\\backend\\controllers\\client.js","statementMap":{"0":{"start":{"line":2,"column":13},"end":{"line":2,"column":43}},"1":{"start":{"line":5,"column":0},"end":{"line":18,"column":2}},"2":{"start":{"line":6,"column":13},"end":{"line":6,"column":26}},"3":{"start":{"line":7,"column":11},"end":{"line":7,"column":22}},"4":{"start":{"line":8,"column":15},"end":{"line":8,"column":30}},"5":{"start":{"line":9,"column":15},"end":{"line":9,"column":29}},"6":{"start":{"line":11,"column":2},"end":{"line":17,"column":7}},"7":{"start":{"line":13,"column":6},"end":{"line":16,"column":9}},"8":{"start":{"line":21,"column":0},"end":{"line":29,"column":2}},"9":{"start":{"line":23,"column":2},"end":{"line":28,"column":5}},"10":{"start":{"line":24,"column":4},"end":{"line":26,"column":5}},"11":{"start":{"line":25,"column":6},"end":{"line":25,"column":27}},"12":{"start":{"line":27,"column":4},"end":{"line":27,"column":22}}},"fnMap":{"0":{"name":"(anonymous_0)","decl":{"start":{"line":5,"column":22},"end":{"line":5,"column":23}},"loc":{"start":{"line":5,"column":42},"end":{"line":18,"column":1}},"line":5},"1":{"name":"(anonymous_1)","decl":{"start":{"line":12,"column":10},"end":{"line":12,"column":11}},"loc":{"start":{"line":12,"column":22},"end":{"line":17,"column":5}},"line":12},"2":{"name":"(anonymous_2)","decl":{"start":{"line":21,"column":21},"end":{"line":21,"column":22}},"loc":{"start":{"line":21,"column":41},"end":{"line":29,"column":1}},"line":21},"3":{"name":"(anonymous_3)","decl":{"start":{"line":23,"column":38},"end":{"line":23,"column":39}},"loc":{"start":{"line":23,"column":62},"end":{"line":28,"column":3}},"line":23}},"branchMap":{"0":{"loc":{"start":{"line":24,"column":4},"end":{"line":26,"column":5}},"type":"if","locations":[{"start":{"line":24,"column":4},"end":{"line":26,"column":5}},{"start":{"line":24,"column":4},"end":{"line":26,"column":5}}],"line":24}},"s":{"0":1,"1":1,"2":1,"3":1,"4":1,"5":1,"6":1,"7":1,"8":1,"9":0,"10":0,"11":0,"12":0},"f":{"0":1,"1":1,"2":0,"3":0},"b":{"0":[0,0]},"_coverageSchema":"332fd63041d2c1bcb487cc26dd0d5f7d97098a6c","hash":"44c877a58d2b197dbd58b05564d69a72a1c752a8","contentHash":"13192f7bd84e686397e1d17224debe5a_10.2.0"},"C:\\Users\\admin\\Documents\\movie-pigeon-server\\backend\\controllers\\bookmark.js":{"path":"C:\\Users\\admin\\Documents\\movie-pigeon-server\\backend\\controllers\\bookmark.js","statementMap":{"0":{"start":{"line":2,"column":16},"end":{"line":2,"column":47}},"1":{"start":{"line":3,"column":12},"end":{"line":3,"column":30}},"2":{"start":{"line":5,"column":0},"end":{"line":28,"column":2}},"3":{"start":{"line":6,"column":16},"end":{"line":6,"column":32}},"4":{"start":{"line":7,"column":15},"end":{"line":7,"column":26}},"5":{"start":{"line":9,"column":2},"end":{"line":27,"column":7}},"6":{"start":{"line":12,"column":6},"end":{"line":26,"column":7}},"7":{"start":{"line":13,"column":8},"end":{"line":16,"column":11}},"8":{"start":{"line":19,"column":8},"end":{"line":25,"column":13}},"9":{"start":{"line":21,"column":12},"end":{"line":24,"column":15}},"10":{"start":{"line":31,"column":0},"end":{"line":59,"column":2}},"11":{"start":{"line":32,"column":16},"end":{"line":32,"column":32}},"12":{"start":{"line":33,"column":15},"end":{"line":33,"column":26}},"13":{"start":{"line":35,"column":2},"end":{"line":58,"column":7}},"14":{"start":{"line":38,"column":6},"end":{"line":54,"column":7}},"15":{"start":{"line":39,"column":8},"end":{"line":48,"column":13}},"16":{"start":{"line":41,"column":12},"end":{"line":44,"column":15}},"17":{"start":{"line":47,"column":12},"end":{"line":47,"column":29}},"18":{"start":{"line":50,"column":8},"end":{"line":53,"column":11}},"19":{"start":{"line":57,"column":6},"end":{"line":57,"column":23}},"20":{"start":{"line":62,"column":0},"end":{"line":69,"column":2}},"21":{"start":{"line":64,"column":2},"end":{"line":68,"column":7}},"22":{"start":{"line":66,"column":6},"end":{"line":66,"column":41}},"23":{"start":{"line":67,"column":6},"end":{"line":67,"column":23}}},"fnMap":{"0":{"name":"(anonymous_0)","decl":{"start":{"line":5,"column":24},"end":{"line":5,"column":25}},"loc":{"start":{"line":5,"column":44},"end":{"line":28,"column":1}},"line":5},"1":{"name":"(anonymous_1)","decl":{"start":{"line":10,"column":10},"end":{"line":10,"column":11}},"loc":{"start":{"line":10,"column":37},"end":{"line":27,"column":5}},"line":10},"2":{"name":"(anonymous_2)","decl":{"start":{"line":20,"column":16},"end":{"line":20,"column":17}},"loc":{"start":{"line":20,"column":28},"end":{"line":25,"column":11}},"line":20},"3":{"name":"(anonymous_3)","decl":{"start":{"line":31,"column":26},"end":{"line":31,"column":27}},"loc":{"start":{"line":31,"column":46},"end":{"line":59,"column":1}},"line":31},"4":{"name":"(anonymous_4)","decl":{"start":{"line":36,"column":10},"end":{"line":36,"column":11}},"loc":{"start":{"line":36,"column":36},"end":{"line":55,"column":5}},"line":36},"5":{"name":"(anonymous_5)","decl":{"start":{"line":40,"column":16},"end":{"line":40,"column":17}},"loc":{"start":{"line":40,"column":28},"end":{"line":45,"column":11}},"line":40},"6":{"name":"(anonymous_6)","decl":{"start":{"line":46,"column":17},"end":{"line":46,"column":18}},"loc":{"start":{"line":46,"column":32},"end":{"line":48,"column":11}},"line":46},"7":{"name":"(anonymous_7)","decl":{"start":{"line":56,"column":11},"end":{"line":56,"column":12}},"loc":{"start":{"line":56,"column":26},"end":{"line":58,"column":5}},"line":56},"8":{"name":"(anonymous_8)","decl":{"start":{"line":62,"column":23},"end":{"line":62,"column":24}},"loc":{"start":{"line":62,"column":43},"end":{"line":69,"column":1}},"line":62},"9":{"name":"(anonymous_9)","decl":{"start":{"line":65,"column":10},"end":{"line":65,"column":11}},"loc":{"start":{"line":65,"column":28},"end":{"line":68,"column":5}},"line":65}},"branchMap":{"0":{"loc":{"start":{"line":12,"column":6},"end":{"line":26,"column":7}},"type":"if","locations":[{"start":{"line":12,"column":6},"end":{"line":26,"column":7}},{"start":{"line":12,"column":6},"end":{"line":26,"column":7}}],"line":12},"1":{"loc":{"start":{"line":38,"column":6},"end":{"line":54,"column":7}},"type":"if","locations":[{"start":{"line":38,"column":6},"end":{"line":54,"column":7}},{"start":{"line":38,"column":6},"end":{"line":54,"column":7}}],"line":38}},"s":{"0":1,"1":1,"2":1,"3":2,"4":2,"5":2,"6":2,"7":1,"8":1,"9":1,"10":1,"11":2,"12":2,"13":2,"14":2,"15":1,"16":1,"17":0,"18":1,"19":0,"20":1,"21":1,"22":1,"23":1},"f":{"0":2,"1":2,"2":1,"3":2,"4":2,"5":1,"6":0,"7":0,"8":1,"9":1},"b":{"0":[1,1],"1":[1,1]},"_coverageSchema":"332fd63041d2c1bcb487cc26dd0d5f7d97098a6c","hash":"56b34f808965e52df78cc8ec1788ed1333ca686e","contentHash":"80556306ddc80981f8c658fed39fde42_10.2.0"},"C:\\Users\\admin\\Documents\\movie-pigeon-server\\backend\\proxy\\bookmark.js":{"path":"C:\\Users\\admin\\Documents\\movie-pigeon-server\\backend\\proxy\\bookmark.js","statementMap":{"0":{"start":{"line":1,"column":12},"end":{"line":1,"column":38}},"1":{"start":{"line":2,"column":16},"end":{"line":2,"column":49}},"2":{"start":{"line":3,"column":17},"end":{"line":3,"column":51}},"3":{"start":{"line":4,"column":19},"end":{"line":4,"column":55}},"4":{"start":{"line":5,"column":17},"end":{"line":5,"column":48}},"5":{"start":{"line":6,"column":14},"end":{"line":6,"column":42}},"6":{"start":{"line":8,"column":0},"end":{"line":37,"column":2}},"7":{"start":{"line":9,"column":2},"end":{"line":36,"column":4}},"8":{"start":{"line":39,"column":0},"end":{"line":46,"column":2}},"9":{"start":{"line":40,"column":2},"end":{"line":45,"column":5}},"10":{"start":{"line":48,"column":0},"end":{"line":53,"column":2}},"11":{"start":{"line":49,"column":2},"end":{"line":52,"column":5}}},"fnMap":{"0":{"name":"(anonymous_0)","decl":{"start":{"line":8,"column":33},"end":{"line":8,"column":34}},"loc":{"start":{"line":8,"column":51},"end":{"line":37,"column":1}},"line":8},"1":{"name":"(anonymous_1)","decl":{"start":{"line":39,"column":37},"end":{"line":39,"column":38}},"loc":{"start":{"line":39,"column":64},"end":{"line":46,"column":1}},"line":39},"2":{"name":"(anonymous_2)","decl":{"start":{"line":48,"column":30},"end":{"line":48,"column":31}},"loc":{"start":{"line":48,"column":57},"end":{"line":53,"column":1}},"line":48}},"branchMap":{},"s":{"0":1,"1":1,"2":1,"3":1,"4":1,"5":1,"6":1,"7":2,"8":1,"9":5,"10":1,"11":3},"f":{"0":2,"1":5,"2":3},"b":{},"_coverageSchema":"332fd63041d2c1bcb487cc26dd0d5f7d97098a6c","hash":"acb266dd1b239cf315daa3477ced7a3db34396e7","contentHash":"bd5ab8d52faeb7edc0d8359836c7b182_10.2.0"},"C:\\Users\\admin\\Documents\\movie-pigeon-server\\backend\\models\\movie.js":{"path":"C:\\Users\\admin\\Documents\\movie-pigeon-server\\backend\\models\\movie.js","statementMap":{"0":{"start":{"line":2,"column":16},"end":{"line":2,"column":34}},"1":{"start":{"line":3,"column":16},"end":{"line":3,"column":36}},"2":{"start":{"line":5,"column":12},"end":{"line":51,"column":2}},"3":{"start":{"line":53,"column":0},"end":{"line":53,"column":19}},"4":{"start":{"line":55,"column":0},"end":{"line":55,"column":23}}},"fnMap":{},"branchMap":{},"s":{"0":1,"1":1,"2":1,"3":1,"4":1},"f":{},"b":{},"_coverageSchema":"332fd63041d2c1bcb487cc26dd0d5f7d97098a6c","hash":"e401d40168f37965cc84fce9808ba6f10f6504a0","contentHash":"838f8a34d3f8960f9c5f30334135f8fa_10.2.0"},"C:\\Users\\admin\\Documents\\movie-pigeon-server\\backend\\models\\bookmarks.js":{"path":"C:\\Users\\admin\\Documents\\movie-pigeon-server\\backend\\models\\bookmarks.js","statementMap":{"0":{"start":{"line":2,"column":16},"end":{"line":2,"column":34}},"1":{"start":{"line":3,"column":11},"end":{"line":3,"column":31}},"2":{"start":{"line":4,"column":12},"end":{"line":4,"column":33}},"3":{"start":{"line":5,"column":16},"end":{"line":5,"column":36}},"4":{"start":{"line":7,"column":15},"end":{"line":16,"column":2}},"5":{"start":{"line":18,"column":0},"end":{"line":18,"column":48}},"6":{"start":{"line":19,"column":0},"end":{"line":22,"column":3}},"7":{"start":{"line":24,"column":0},"end":{"line":24,"column":50}},"8":{"start":{"line":25,"column":0},"end":{"line":25,"column":75}},"9":{"start":{"line":27,"column":0},"end":{"line":27,"column":19}},"10":{"start":{"line":30,"column":0},"end":{"line":30,"column":26}}},"fnMap":{},"branchMap":{},"s":{"0":1,"1":1,"2":1,"3":1,"4":1,"5":1,"6":1,"7":1,"8":1,"9":1,"10":1},"f":{},"b":{},"_coverageSchema":"332fd63041d2c1bcb487cc26dd0d5f7d97098a6c","hash":"3258fd4bbac867e94cf9c755dc201decbc42a4dc","contentHash":"5b83ca6f530ddea3d4d7719ed8196270_10.2.0"},"C:\\Users\\admin\\Documents\\movie-pigeon-server\\backend\\models\\PublicRate.js":{"path":"C:\\Users\\admin\\Documents\\movie-pigeon-server\\backend\\models\\PublicRate.js","statementMap":{"0":{"start":{"line":2,"column":16},"end":{"line":2,"column":34}},"1":{"start":{"line":3,"column":16},"end":{"line":3,"column":36}},"2":{"start":{"line":4,"column":19},"end":{"line":4,"column":47}},"3":{"start":{"line":5,"column":12},"end":{"line":5,"column":33}},"4":{"start":{"line":7,"column":12},"end":{"line":25,"column":2}},"5":{"start":{"line":27,"column":0},"end":{"line":27,"column":55}},"6":{"start":{"line":28,"column":0},"end":{"line":28,"column":81}},"7":{"start":{"line":30,"column":0},"end":{"line":30,"column":47}},"8":{"start":{"line":31,"column":0},"end":{"line":31,"column":72}},"9":{"start":{"line":33,"column":0},"end":{"line":33,"column":19}},"10":{"start":{"line":35,"column":0},"end":{"line":35,"column":23}}},"fnMap":{},"branchMap":{},"s":{"0":1,"1":1,"2":1,"3":1,"4":1,"5":1,"6":1,"7":1,"8":1,"9":1,"10":1},"f":{},"b":{},"_coverageSchema":"332fd63041d2c1bcb487cc26dd0d5f7d97098a6c","hash":"eb49046efd23a6ae96719f40c8a88403d9a34ad8","contentHash":"5ee33beab3ae106a8c75f8a61bf669ec_10.2.0"},"C:\\Users\\admin\\Documents\\movie-pigeon-server\\backend\\models\\ratingSource.js":{"path":"C:\\Users\\admin\\Documents\\movie-pigeon-server\\backend\\models\\ratingSource.js","statementMap":{"0":{"start":{"line":2,"column":16},"end":{"line":2,"column":34}},"1":{"start":{"line":3,"column":16},"end":{"line":3,"column":36}},"2":{"start":{"line":5,"column":19},"end":{"line":14,"column":2}},"3":{"start":{"line":16,"column":0},"end":{"line":16,"column":19}},"4":{"start":{"line":18,"column":0},"end":{"line":18,"column":30}}},"fnMap":{},"branchMap":{},"s":{"0":1,"1":1,"2":1,"3":1,"4":1},"f":{},"b":{},"_coverageSchema":"332fd63041d2c1bcb487cc26dd0d5f7d97098a6c","hash":"2afd604b885a6694fd9b18cdce7150a41c81c64d","contentHash":"afd74f176d2d494663a86f5b17f6dc86_10.2.0"},"C:\\Users\\admin\\Documents\\movie-pigeon-server\\backend\\models\\history.js":{"path":"C:\\Users\\admin\\Documents\\movie-pigeon-server\\backend\\models\\history.js","statementMap":{"0":{"start":{"line":2,"column":16},"end":{"line":2,"column":34}},"1":{"start":{"line":3,"column":16},"end":{"line":3,"column":36}},"2":{"start":{"line":4,"column":11},"end":{"line":4,"column":31}},"3":{"start":{"line":5,"column":12},"end":{"line":5,"column":33}},"4":{"start":{"line":7,"column":14},"end":{"line":19,"column":2}},"5":{"start":{"line":21,"column":0},"end":{"line":21,"column":47}},"6":{"start":{"line":22,"column":0},"end":{"line":22,"column":66}},"7":{"start":{"line":24,"column":0},"end":{"line":24,"column":49}},"8":{"start":{"line":25,"column":0},"end":{"line":25,"column":74}},"9":{"start":{"line":27,"column":0},"end":{"line":27,"column":19}},"10":{"start":{"line":29,"column":0},"end":{"line":29,"column":25}}},"fnMap":{},"branchMap":{},"s":{"0":1,"1":1,"2":1,"3":1,"4":1,"5":1,"6":1,"7":1,"8":1,"9":1,"10":1},"f":{},"b":{},"_coverageSchema":"332fd63041d2c1bcb487cc26dd0d5f7d97098a6c","hash":"7449c90093ec43a4a422de1a15ab3bffe3b98365","contentHash":"74cb6374ea7d7234db4f1dcbd38c7543_10.2.0"},"C:\\Users\\admin\\Documents\\movie-pigeon-server\\backend\\models\\showing.js":{"path":"C:\\Users\\admin\\Documents\\movie-pigeon-server\\backend\\models\\showing.js","statementMap":{"0":{"start":{"line":2,"column":16},"end":{"line":2,"column":34}},"1":{"start":{"line":3,"column":13},"end":{"line":3,"column":35}},"2":{"start":{"line":4,"column":12},"end":{"line":4,"column":33}},"3":{"start":{"line":5,"column":16},"end":{"line":5,"column":36}},"4":{"start":{"line":7,"column":14},"end":{"line":24,"column":2}},"5":{"start":{"line":26,"column":0},"end":{"line":26,"column":51}},"6":{"start":{"line":27,"column":0},"end":{"line":27,"column":77}},"7":{"start":{"line":29,"column":0},"end":{"line":29,"column":49}},"8":{"start":{"line":30,"column":0},"end":{"line":30,"column":74}},"9":{"start":{"line":32,"column":0},"end":{"line":32,"column":19}},"10":{"start":{"line":34,"column":0},"end":{"line":34,"column":25}}},"fnMap":{},"branchMap":{},"s":{"0":1,"1":1,"2":1,"3":1,"4":1,"5":1,"6":1,"7":1,"8":1,"9":1,"10":1},"f":{},"b":{},"_coverageSchema":"332fd63041d2c1bcb487cc26dd0d5f7d97098a6c","hash":"a4c2e641056660de2c9fd5c73c2d0f3926ed17a3","contentHash":"81261f9cf9d75529c1310f9dc5afc856_10.2.0"},"C:\\Users\\admin\\Documents\\movie-pigeon-server\\backend\\models\\cinema.js":{"path":"C:\\Users\\admin\\Documents\\movie-pigeon-server\\backend\\models\\cinema.js","statementMap":{"0":{"start":{"line":2,"column":16},"end":{"line":2,"column":34}},"1":{"start":{"line":3,"column":16},"end":{"line":3,"column":36}},"2":{"start":{"line":5,"column":13},"end":{"line":28,"column":2}},"3":{"start":{"line":30,"column":0},"end":{"line":30,"column":19}},"4":{"start":{"line":32,"column":0},"end":{"line":32,"column":24}}},"fnMap":{},"branchMap":{},"s":{"0":1,"1":1,"2":1,"3":1,"4":1},"f":{},"b":{},"_coverageSchema":"332fd63041d2c1bcb487cc26dd0d5f7d97098a6c","hash":"34549c353a4841d44ed64e74ce19a2c560d759d5","contentHash":"7a487b84ac0a002adf3adc405d33e560_10.2.0"},"C:\\Users\\admin\\Documents\\movie-pigeon-server\\backend\\controllers\\utils.js":{"path":"C:\\Users\\admin\\Documents\\movie-pigeon-server\\backend\\controllers\\utils.js","statementMap":{"0":{"start":{"line":10,"column":0},"end":{"line":21,"column":2}},"1":{"start":{"line":11,"column":2},"end":{"line":19,"column":3}},"2":{"start":{"line":12,"column":19},"end":{"line":12,"column":48}},"3":{"start":{"line":13,"column":4},"end":{"line":17,"column":5}},"4":{"start":{"line":14,"column":6},"end":{"line":14,"column":45}},"5":{"start":{"line":16,"column":6},"end":{"line":16,"column":44}},"6":{"start":{"line":18,"column":4},"end":{"line":18,"column":41}},"7":{"start":{"line":20,"column":2},"end":{"line":20,"column":16}}},"fnMap":{"0":{"name":"(anonymous_0)","decl":{"start":{"line":10,"column":29},"end":{"line":10,"column":30}},"loc":{"start":{"line":10,"column":47},"end":{"line":21,"column":1}},"line":10}},"branchMap":{"0":{"loc":{"start":{"line":13,"column":4},"end":{"line":17,"column":5}},"type":"if","locations":[{"start":{"line":13,"column":4},"end":{"line":17,"column":5}},{"start":{"line":13,"column":4},"end":{"line":17,"column":5}}],"line":13}},"s":{"0":1,"1":8,"2":12,"3":12,"4":5,"5":7,"6":12,"7":8},"f":{"0":8},"b":{"0":[5,7]},"_coverageSchema":"332fd63041d2c1bcb487cc26dd0d5f7d97098a6c","hash":"e52060e2b6d30113dc306fa7aebab8f4bb2b3966","contentHash":"334e753d1b72e448ca83dc207226ecbb_10.2.0"},"C:\\Users\\admin\\Documents\\movie-pigeon-server\\backend\\controllers\\movie.js":{"path":"C:\\Users\\admin\\Documents\\movie-pigeon-server\\backend\\controllers\\movie.js","statementMap":{"0":{"start":{"line":2,"column":12},"end":{"line":2,"column":40}},"1":{"start":{"line":3,"column":8},"end":{"line":3,"column":29}},"2":{"start":{"line":4,"column":17},"end":{"line":4,"column":38}},"3":{"start":{"line":5,"column":12},"end":{"line":5,"column":30}},"4":{"start":{"line":6,"column":13},"end":{"line":6,"column":30}},"5":{"start":{"line":7,"column":14},"end":{"line":7,"column":32}},"6":{"start":{"line":10,"column":0},"end":{"line":23,"column":2}},"7":{"start":{"line":12,"column":2},"end":{"line":22,"column":7}},"8":{"start":{"line":14,"column":6},"end":{"line":21,"column":8}},"9":{"start":{"line":16,"column":10},"end":{"line":16,"column":45}},"10":{"start":{"line":17,"column":10},"end":{"line":17,"column":48}},"11":{"start":{"line":19,"column":10},"end":{"line":19,"column":27}},"12":{"start":{"line":26,"column":0},"end":{"line":34,"column":2}},"13":{"start":{"line":27,"column":2},"end":{"line":33,"column":4}},"14":{"start":{"line":29,"column":6},"end":{"line":29,"column":23}},"15":{"start":{"line":31,"column":6},"end":{"line":31,"column":23}},"16":{"start":{"line":44,"column":2},"end":{"line":56,"column":3}},"17":{"start":{"line":45,"column":4},"end":{"line":45,"column":73}},"18":{"start":{"line":46,"column":4},"end":{"line":46,"column":61}},"19":{"start":{"line":47,"column":4},"end":{"line":47,"column":83}},"20":{"start":{"line":48,"column":4},"end":{"line":48,"column":81}},"21":{"start":{"line":49,"column":4},"end":{"line":49,"column":74}},"22":{"start":{"line":50,"column":4},"end":{"line":50,"column":53}},"23":{"start":{"line":51,"column":4},"end":{"line":51,"column":53}},"24":{"start":{"line":52,"column":4},"end":{"line":52,"column":63}},"25":{"start":{"line":53,"column":4},"end":{"line":53,"column":42}},"26":{"start":{"line":54,"column":4},"end":{"line":54,"column":44}},"27":{"start":{"line":55,"column":4},"end":{"line":55,"column":44}},"28":{"start":{"line":57,"column":2},"end":{"line":57,"column":19}},"29":{"start":{"line":66,"column":2},"end":{"line":66,"column":46}},"30":{"start":{"line":68,"column":2},"end":{"line":68,"column":60}},"31":{"start":{"line":70,"column":2},"end":{"line":70,"column":46}},"32":{"start":{"line":72,"column":2},"end":{"line":72,"column":46}},"33":{"start":{"line":78,"column":2},"end":{"line":78,"column":35}},"34":{"start":{"line":79,"column":2},"end":{"line":79,"column":35}},"35":{"start":{"line":80,"column":2},"end":{"line":80,"column":37}},"36":{"start":{"line":81,"column":2},"end":{"line":81,"column":35}},"37":{"start":{"line":82,"column":2},"end":{"line":84,"column":3}},"38":{"start":{"line":83,"column":4},"end":{"line":83,"column":33}},"39":{"start":{"line":85,"column":2},"end":{"line":85,"column":19}},"40":{"start":{"line":89,"column":0},"end":{"line":98,"column":2}},"41":{"start":{"line":90,"column":2},"end":{"line":97,"column":4}},"42":{"start":{"line":92,"column":6},"end":{"line":92,"column":43}},"43":{"start":{"line":93,"column":6},"end":{"line":93,"column":42}},"44":{"start":{"line":94,"column":6},"end":{"line":94,"column":26}},"45":{"start":{"line":96,"column":6},"end":{"line":96,"column":23}},"46":{"start":{"line":101,"column":0},"end":{"line":108,"column":2}},"47":{"start":{"line":103,"column":2},"end":{"line":107,"column":5}},"48":{"start":{"line":104,"column":4},"end":{"line":104,"column":21}},"49":{"start":{"line":106,"column":4},"end":{"line":106,"column":18}},"50":{"start":{"line":111,"column":0},"end":{"line":119,"column":2}},"51":{"start":{"line":113,"column":2},"end":{"line":118,"column":5}},"52":{"start":{"line":115,"column":6},"end":{"line":115,"column":23}},"53":{"start":{"line":117,"column":4},"end":{"line":117,"column":18}}},"fnMap":{"0":{"name":"(anonymous_0)","decl":{"start":{"line":10,"column":27},"end":{"line":10,"column":28}},"loc":{"start":{"line":10,"column":47},"end":{"line":23,"column":1}},"line":10},"1":{"name":"(anonymous_1)","decl":{"start":{"line":13,"column":10},"end":{"line":13,"column":11}},"loc":{"start":{"line":13,"column":27},"end":{"line":22,"column":5}},"line":13},"2":{"name":"(anonymous_2)","decl":{"start":{"line":15,"column":14},"end":{"line":15,"column":15}},"loc":{"start":{"line":15,"column":32},"end":{"line":18,"column":9}},"line":15},"3":{"name":"(anonymous_3)","decl":{"start":{"line":18,"column":17},"end":{"line":18,"column":18}},"loc":{"start":{"line":18,"column":32},"end":{"line":20,"column":9}},"line":18},"4":{"name":"(anonymous_4)","decl":{"start":{"line":26,"column":33},"end":{"line":26,"column":34}},"loc":{"start":{"line":26,"column":53},"end":{"line":34,"column":1}},"line":26},"5":{"name":"(anonymous_5)","decl":{"start":{"line":28,"column":10},"end":{"line":28,"column":11}},"loc":{"start":{"line":28,"column":28},"end":{"line":30,"column":5}},"line":28},"6":{"name":"(anonymous_6)","decl":{"start":{"line":30,"column":13},"end":{"line":30,"column":14}},"loc":{"start":{"line":30,"column":28},"end":{"line":32,"column":5}},"line":30},"7":{"name":"parseSchedule","decl":{"start":{"line":43,"column":9},"end":{"line":43,"column":22}},"loc":{"start":{"line":43,"column":34},"end":{"line":58,"column":1}},"line":43},"8":{"name":"typeCmp","decl":{"start":{"line":65,"column":9},"end":{"line":65,"column":16}},"loc":{"start":{"line":65,"column":23},"end":{"line":67,"column":1}},"line":65},"9":{"name":"cinemaCmp","decl":{"start":{"line":67,"column":10},"end":{"line":67,"column":19}},"loc":{"start":{"line":67,"column":26},"end":{"line":69,"column":1}},"line":67},"10":{"name":"dateCmp","decl":{"start":{"line":69,"column":10},"end":{"line":69,"column":17}},"loc":{"start":{"line":69,"column":24},"end":{"line":71,"column":1}},"line":69},"11":{"name":"timeCmp","decl":{"start":{"line":71,"column":10},"end":{"line":71,"column":17}},"loc":{"start":{"line":71,"column":24},"end":{"line":73,"column":1}},"line":71},"12":{"name":"sortSchedule","decl":{"start":{"line":74,"column":9},"end":{"line":74,"column":21}},"loc":{"start":{"line":74,"column":33},"end":{"line":86,"column":1}},"line":74},"13":{"name":"(anonymous_13)","decl":{"start":{"line":89,"column":31},"end":{"line":89,"column":32}},"loc":{"start":{"line":89,"column":51},"end":{"line":98,"column":1}},"line":89},"14":{"name":"(anonymous_14)","decl":{"start":{"line":91,"column":10},"end":{"line":91,"column":11}},"loc":{"start":{"line":91,"column":31},"end":{"line":95,"column":5}},"line":91},"15":{"name":"(anonymous_15)","decl":{"start":{"line":95,"column":13},"end":{"line":95,"column":14}},"loc":{"start":{"line":95,"column":28},"end":{"line":97,"column":3}},"line":95},"16":{"name":"(anonymous_16)","decl":{"start":{"line":101,"column":24},"end":{"line":101,"column":25}},"loc":{"start":{"line":101,"column":44},"end":{"line":108,"column":1}},"line":101},"17":{"name":"(anonymous_17)","decl":{"start":{"line":103,"column":49},"end":{"line":103,"column":50}},"loc":{"start":{"line":103,"column":67},"end":{"line":105,"column":3}},"line":103},"18":{"name":"(anonymous_18)","decl":{"start":{"line":105,"column":11},"end":{"line":105,"column":12}},"loc":{"start":{"line":105,"column":26},"end":{"line":107,"column":3}},"line":105},"19":{"name":"(anonymous_19)","decl":{"start":{"line":111,"column":36},"end":{"line":111,"column":37}},"loc":{"start":{"line":111,"column":56},"end":{"line":119,"column":1}},"line":111},"20":{"name":"(anonymous_20)","decl":{"start":{"line":114,"column":10},"end":{"line":114,"column":11}},"loc":{"start":{"line":114,"column":28},"end":{"line":116,"column":5}},"line":114},"21":{"name":"(anonymous_21)","decl":{"start":{"line":116,"column":13},"end":{"line":116,"column":14}},"loc":{"start":{"line":116,"column":28},"end":{"line":118,"column":3}},"line":116}},"branchMap":{},"s":{"0":1,"1":1,"2":1,"3":1,"4":1,"5":1,"6":1,"7":7,"8":7,"9":7,"10":7,"11":0,"12":1,"13":2,"14":2,"15":0,"16":0,"17":0,"18":0,"19":0,"20":0,"21":0,"22":0,"23":0,"24":0,"25":0,"26":0,"27":0,"28":0,"29":0,"30":0,"31":0,"32":0,"33":0,"34":0,"35":0,"36":0,"37":0,"38":0,"39":0,"40":1,"41":0,"42":0,"43":0,"44":0,"45":0,"46":1,"47":0,"48":0,"49":0,"50":1,"51":0,"52":0,"53":0},"f":{"0":7,"1":7,"2":7,"3":0,"4":2,"5":2,"6":0,"7":0,"8":0,"9":0,"10":0,"11":0,"12":0,"13":0,"14":0,"15":0,"16":0,"17":0,"18":0,"19":0,"20":0,"21":0},"b":{},"_coverageSchema":"332fd63041d2c1bcb487cc26dd0d5f7d97098a6c","hash":"a693d55a84abd1b6c7f4066b212d6ef1371d9ee5","contentHash":"54270e88393621fd309788f08f3d1e00_10.2.0"},"C:\\Users\\admin\\Documents\\movie-pigeon-server\\backend\\proxy\\movie.js":{"path":"C:\\Users\\admin\\Documents\\movie-pigeon-server\\backend\\proxy\\movie.js","statementMap":{"0":{"start":{"line":1,"column":12},"end":{"line":1,"column":41}},"1":{"start":{"line":2,"column":17},"end":{"line":2,"column":51}},"2":{"start":{"line":3,"column":19},"end":{"line":3,"column":55}},"3":{"start":{"line":4,"column":17},"end":{"line":4,"column":48}},"4":{"start":{"line":5,"column":15},"end":{"line":5,"column":48}},"5":{"start":{"line":6,"column":16},"end":{"line":6,"column":39}},"6":{"start":{"line":7,"column":14},"end":{"line":7,"column":42}},"7":{"start":{"line":8,"column":13},"end":{"line":8,"column":40}},"8":{"start":{"line":11,"column":2},"end":{"line":11,"column":37}},"9":{"start":{"line":12,"column":2},"end":{"line":32,"column":3}},"10":{"start":{"line":14,"column":6},"end":{"line":14,"column":26}},"11":{"start":{"line":15,"column":6},"end":{"line":15,"column":12}},"12":{"start":{"line":17,"column":6},"end":{"line":17,"column":27}},"13":{"start":{"line":18,"column":6},"end":{"line":18,"column":26}},"14":{"start":{"line":19,"column":6},"end":{"line":19,"column":12}},"15":{"start":{"line":21,"column":6},"end":{"line":21,"column":26}},"16":{"start":{"line":22,"column":6},"end":{"line":22,"column":26}},"17":{"start":{"line":23,"column":6},"end":{"line":23,"column":12}},"18":{"start":{"line":25,"column":6},"end":{"line":25,"column":48}},"19":{"start":{"line":26,"column":6},"end":{"line":26,"column":26}},"20":{"start":{"line":27,"column":6},"end":{"line":27,"column":12}},"21":{"start":{"line":29,"column":6},"end":{"line":29,"column":41}},"22":{"start":{"line":30,"column":6},"end":{"line":30,"column":26}},"23":{"start":{"line":31,"column":6},"end":{"line":31,"column":12}},"24":{"start":{"line":35,"column":0},"end":{"line":44,"column":2}},"25":{"start":{"line":36,"column":18},"end":{"line":36,"column":37}},"26":{"start":{"line":37,"column":2},"end":{"line":43,"column":4}},"27":{"start":{"line":46,"column":0},"end":{"line":92,"column":2}},"28":{"start":{"line":48,"column":18},"end":{"line":48,"column":37}},"29":{"start":{"line":49,"column":2},"end":{"line":91,"column":5}},"30":{"start":{"line":94,"column":0},"end":{"line":142,"column":2}},"31":{"start":{"line":96,"column":18},"end":{"line":96,"column":37}},"32":{"start":{"line":97,"column":2},"end":{"line":141,"column":5}},"33":{"start":{"line":144,"column":0},"end":{"line":150,"column":2}},"34":{"start":{"line":145,"column":2},"end":{"line":149,"column":4}},"35":{"start":{"line":152,"column":0},"end":{"line":161,"column":2}},"36":{"start":{"line":153,"column":2},"end":{"line":160,"column":6}}},"fnMap":{"0":{"name":"getSearchString","decl":{"start":{"line":10,"column":9},"end":{"line":10,"column":24}},"loc":{"start":{"line":10,"column":49},"end":{"line":33,"column":1}},"line":10},"1":{"name":"(anonymous_1)","decl":{"start":{"line":35,"column":31},"end":{"line":35,"column":32}},"loc":{"start":{"line":35,"column":55},"end":{"line":44,"column":1}},"line":35},"2":{"name":"(anonymous_2)","decl":{"start":{"line":46,"column":26},"end":{"line":46,"column":27}},"loc":{"start":{"line":46,"column":73},"end":{"line":92,"column":1}},"line":46},"3":{"name":"(anonymous_3)","decl":{"start":{"line":94,"column":33},"end":{"line":94,"column":34}},"loc":{"start":{"line":94,"column":65},"end":{"line":142,"column":1}},"line":94},"4":{"name":"(anonymous_4)","decl":{"start":{"line":144,"column":30},"end":{"line":144,"column":31}},"loc":{"start":{"line":144,"column":49},"end":{"line":150,"column":1}},"line":144},"5":{"name":"(anonymous_5)","decl":{"start":{"line":152,"column":31},"end":{"line":152,"column":32}},"loc":{"start":{"line":152,"column":50},"end":{"line":161,"column":1}},"line":152}},"branchMap":{"0":{"loc":{"start":{"line":12,"column":2},"end":{"line":32,"column":3}},"type":"switch","locations":[{"start":{"line":13,"column":4},"end":{"line":15,"column":12}},{"start":{"line":16,"column":4},"end":{"line":19,"column":12}},{"start":{"line":20,"column":4},"end":{"line":23,"column":12}},{"start":{"line":24,"column":4},"end":{"line":27,"column":12}},{"start":{"line":28,"column":4},"end":{"line":31,"column":12}}],"line":12}},"s":{"0":1,"1":1,"2":1,"3":1,"4":1,"5":1,"6":1,"7":1,"8":55,"9":55,"10":11,"11":0,"12":11,"13":11,"14":0,"15":11,"16":11,"17":0,"18":11,"19":11,"20":0,"21":11,"22":11,"23":0,"24":1,"25":9,"26":9,"27":1,"28":8,"29":8,"30":1,"31":3,"32":3,"33":1,"34":3,"35":1,"36":1},"f":{"0":55,"1":9,"2":8,"3":3,"4":3,"5":1},"b":{"0":[11,11,11,11,11]},"_coverageSchema":"332fd63041d2c1bcb487cc26dd0d5f7d97098a6c","hash":"12528204dc70fb6e470b1574684272b1814dbd4a","contentHash":"5353c8440a3fb9708f50c7784135dfa9_10.2.0"},"C:\\Users\\admin\\Documents\\movie-pigeon-server\\backend\\controllers\\rate.js":{"path":"C:\\Users\\admin\\Documents\\movie-pigeon-server\\backend\\controllers\\rate.js","statementMap":{"0":{"start":{"line":2,"column":11},"end":{"line":2,"column":38}},"1":{"start":{"line":3,"column":12},"end":{"line":3,"column":40}},"2":{"start":{"line":4,"column":12},"end":{"line":4,"column":30}},"3":{"start":{"line":6,"column":0},"end":{"line":49,"column":2}},"4":{"start":{"line":7,"column":16},"end":{"line":7,"column":32}},"5":{"start":{"line":8,"column":14},"end":{"line":8,"column":46}},"6":{"start":{"line":9,"column":15},"end":{"line":9,"column":26}},"7":{"start":{"line":12,"column":2},"end":{"line":15,"column":3}},"8":{"start":{"line":13,"column":4},"end":{"line":13,"column":57}},"9":{"start":{"line":14,"column":4},"end":{"line":14,"column":11}},"10":{"start":{"line":18,"column":2},"end":{"line":48,"column":7}},"11":{"start":{"line":20,"column":6},"end":{"line":47,"column":7}},"12":{"start":{"line":21,"column":8},"end":{"line":41,"column":13}},"13":{"start":{"line":23,"column":12},"end":{"line":40,"column":13}},"14":{"start":{"line":24,"column":14},"end":{"line":30,"column":19}},"15":{"start":{"line":26,"column":18},"end":{"line":29,"column":21}},"16":{"start":{"line":33,"column":14},"end":{"line":39,"column":19}},"17":{"start":{"line":35,"column":18},"end":{"line":38,"column":21}},"18":{"start":{"line":43,"column":8},"end":{"line":46,"column":11}},"19":{"start":{"line":52,"column":0},"end":{"line":58,"column":2}},"20":{"start":{"line":53,"column":2},"end":{"line":57,"column":7}},"21":{"start":{"line":55,"column":6},"end":{"line":55,"column":41}},"22":{"start":{"line":56,"column":6},"end":{"line":56,"column":23}}},"fnMap":{"0":{"name":"(anonymous_0)","decl":{"start":{"line":6,"column":20},"end":{"line":6,"column":21}},"loc":{"start":{"line":6,"column":40},"end":{"line":49,"column":1}},"line":6},"1":{"name":"(anonymous_1)","decl":{"start":{"line":19,"column":10},"end":{"line":19,"column":11}},"loc":{"start":{"line":19,"column":27},"end":{"line":48,"column":5}},"line":19},"2":{"name":"(anonymous_2)","decl":{"start":{"line":22,"column":16},"end":{"line":22,"column":17}},"loc":{"start":{"line":22,"column":35},"end":{"line":41,"column":11}},"line":22},"3":{"name":"(anonymous_3)","decl":{"start":{"line":25,"column":22},"end":{"line":25,"column":23}},"loc":{"start":{"line":25,"column":34},"end":{"line":30,"column":17}},"line":25},"4":{"name":"(anonymous_4)","decl":{"start":{"line":34,"column":22},"end":{"line":34,"column":23}},"loc":{"start":{"line":34,"column":34},"end":{"line":39,"column":17}},"line":34},"5":{"name":"(anonymous_5)","decl":{"start":{"line":52,"column":19},"end":{"line":52,"column":20}},"loc":{"start":{"line":52,"column":39},"end":{"line":58,"column":1}},"line":52},"6":{"name":"(anonymous_6)","decl":{"start":{"line":54,"column":10},"end":{"line":54,"column":11}},"loc":{"start":{"line":54,"column":28},"end":{"line":57,"column":5}},"line":54}},"branchMap":{"0":{"loc":{"start":{"line":8,"column":14},"end":{"line":8,"column":46}},"type":"binary-expr","locations":[{"start":{"line":8,"column":14},"end":{"line":8,"column":40}},{"start":{"line":8,"column":44},"end":{"line":8,"column":46}}],"line":8},"1":{"loc":{"start":{"line":12,"column":2},"end":{"line":15,"column":3}},"type":"if","locations":[{"start":{"line":12,"column":2},"end":{"line":15,"column":3}},{"start":{"line":12,"column":2},"end":{"line":15,"column":3}}],"line":12},"2":{"loc":{"start":{"line":12,"column":6},"end":{"line":12,"column":29}},"type":"binary-expr","locations":[{"start":{"line":12,"column":6},"end":{"line":12,"column":15}},{"start":{"line":12,"column":19},"end":{"line":12,"column":29}}],"line":12},"3":{"loc":{"start":{"line":20,"column":6},"end":{"line":47,"column":7}},"type":"if","locations":[{"start":{"line":20,"column":6},"end":{"line":47,"column":7}},{"start":{"line":20,"column":6},"end":{"line":47,"column":7}}],"line":20},"4":{"loc":{"start":{"line":23,"column":12},"end":{"line":40,"column":13}},"type":"if","locations":[{"start":{"line":23,"column":12},"end":{"line":40,"column":13}},{"start":{"line":23,"column":12},"end":{"line":40,"column":13}}],"line":23}},"s":{"0":1,"1":1,"2":1,"3":1,"4":6,"5":6,"6":6,"7":6,"8":3,"9":3,"10":3,"11":3,"12":2,"13":2,"14":1,"15":1,"16":1,"17":1,"18":1,"19":1,"20":0,"21":0,"22":0},"f":{"0":6,"1":3,"2":2,"3":1,"4":1,"5":0,"6":0},"b":{"0":[6,1],"1":[3,3],"2":[6,4],"3":[2,1],"4":[1,1]},"_coverageSchema":"332fd63041d2c1bcb487cc26dd0d5f7d97098a6c","hash":"b83cf2e41ae378be3bf2a1611232620eb8dfff85","contentHash":"1d34085f20c434e36fb78b9a0234768a_10.2.0"},"C:\\Users\\admin\\Documents\\movie-pigeon-server\\backend\\proxy\\rate.js":{"path":"C:\\Users\\admin\\Documents\\movie-pigeon-server\\backend\\proxy\\rate.js","statementMap":{"0":{"start":{"line":1,"column":11},"end":{"line":1,"column":39}},"1":{"start":{"line":2,"column":12},"end":{"line":2,"column":41}},"2":{"start":{"line":3,"column":17},"end":{"line":3,"column":51}},"3":{"start":{"line":4,"column":19},"end":{"line":4,"column":55}},"4":{"start":{"line":5,"column":15},"end":{"line":5,"column":48}},"5":{"start":{"line":6,"column":14},"end":{"line":6,"column":42}},"6":{"start":{"line":8,"column":0},"end":{"line":14,"column":2}},"7":{"start":{"line":9,"column":2},"end":{"line":13,"column":4}},"8":{"start":{"line":16,"column":0},"end":{"line":45,"column":2}},"9":{"start":{"line":17,"column":2},"end":{"line":44,"column":4}},"10":{"start":{"line":47,"column":0},"end":{"line":54,"column":2}},"11":{"start":{"line":48,"column":2},"end":{"line":53,"column":4}},"12":{"start":{"line":56,"column":0},"end":{"line":60,"column":2}},"13":{"start":{"line":57,"column":2},"end":{"line":59,"column":4}}},"fnMap":{"0":{"name":"(anonymous_0)","decl":{"start":{"line":8,"column":27},"end":{"line":8,"column":28}},"loc":{"start":{"line":8,"column":61},"end":{"line":14,"column":1}},"line":8},"1":{"name":"(anonymous_1)","decl":{"start":{"line":16,"column":29},"end":{"line":16,"column":30}},"loc":{"start":{"line":16,"column":47},"end":{"line":45,"column":1}},"line":16},"2":{"name":"(anonymous_2)","decl":{"start":{"line":47,"column":33},"end":{"line":47,"column":34}},"loc":{"start":{"line":47,"column":60},"end":{"line":54,"column":1}},"line":47},"3":{"name":"(anonymous_3)","decl":{"start":{"line":56,"column":29},"end":{"line":56,"column":30}},"loc":{"start":{"line":56,"column":52},"end":{"line":60,"column":1}},"line":56}},"branchMap":{},"s":{"0":1,"1":1,"2":1,"3":1,"4":1,"5":1,"6":1,"7":2,"8":1,"9":1,"10":1,"11":3,"12":1,"13":2},"f":{"0":2,"1":1,"2":3,"3":2},"b":{},"_coverageSchema":"332fd63041d2c1bcb487cc26dd0d5f7d97098a6c","hash":"3fb5d107676099eae34c4fbbfdd521e3815d24dc","contentHash":"1baf45288acbee6a6c3cdb1be39474ed_10.2.0"},"C:\\Users\\admin\\Documents\\movie-pigeon-server\\backend\\controllers\\ratingExtractor.js":{"path":"C:\\Users\\admin\\Documents\\movie-pigeon-server\\backend\\controllers\\ratingExtractor.js","statementMap":{"0":{"start":{"line":1,"column":14},"end":{"line":1,"column":32}},"1":{"start":{"line":2,"column":11},"end":{"line":2,"column":38}},"2":{"start":{"line":3,"column":11},"end":{"line":3,"column":38}},"3":{"start":{"line":5,"column":19},"end":{"line":9,"column":1}},"4":{"start":{"line":12,"column":2},"end":{"line":24,"column":5}},"5":{"start":{"line":17,"column":4},"end":{"line":19,"column":5}},"6":{"start":{"line":18,"column":6},"end":{"line":18,"column":34}},"7":{"start":{"line":20,"column":4},"end":{"line":22,"column":5}},"8":{"start":{"line":21,"column":6},"end":{"line":21,"column":66}},"9":{"start":{"line":23,"column":4},"end":{"line":23,"column":37}},"10":{"start":{"line":28,"column":12},"end":{"line":28,"column":66}},"11":{"start":{"line":29,"column":2},"end":{"line":29,"column":48}},"12":{"start":{"line":33,"column":12},"end":{"line":33,"column":46}},"13":{"start":{"line":34,"column":2},"end":{"line":34,"column":48}},"14":{"start":{"line":38,"column":13},"end":{"line":38,"column":17}},"15":{"start":{"line":39,"column":2},"end":{"line":67,"column":7}},"16":{"start":{"line":41,"column":6},"end":{"line":66,"column":12}},"17":{"start":{"line":42,"column":8},"end":{"line":44,"column":9}},"18":{"start":{"line":43,"column":10},"end":{"line":43,"column":17}},"19":{"start":{"line":45,"column":21},"end":{"line":45,"column":39}},"20":{"start":{"line":46,"column":22},"end":{"line":46,"column":48}},"21":{"start":{"line":48,"column":8},"end":{"line":65,"column":13}},"22":{"start":{"line":50,"column":12},"end":{"line":61,"column":13}},"23":{"start":{"line":51,"column":14},"end":{"line":51,"column":34}},"24":{"start":{"line":53,"column":14},"end":{"line":60,"column":19}},"25":{"start":{"line":55,"column":18},"end":{"line":55,"column":34}},"26":{"start":{"line":56,"column":18},"end":{"line":56,"column":25}},"27":{"start":{"line":59,"column":18},"end":{"line":59,"column":35}},"28":{"start":{"line":64,"column":12},"end":{"line":64,"column":29}},"29":{"start":{"line":71,"column":0},"end":{"line":113,"column":2}},"30":{"start":{"line":72,"column":11},"end":{"line":72,"column":29}},"31":{"start":{"line":73,"column":17},"end":{"line":73,"column":34}},"32":{"start":{"line":74,"column":17},"end":{"line":74,"column":34}},"33":{"start":{"line":75,"column":14},"end":{"line":75,"column":28}},"34":{"start":{"line":77,"column":15},"end":{"line":77,"column":20}},"35":{"start":{"line":79,"column":2},"end":{"line":100,"column":7}},"36":{"start":{"line":81,"column":6},"end":{"line":99,"column":7}},"37":{"start":{"line":82,"column":8},"end":{"line":85,"column":11}},"38":{"start":{"line":87,"column":8},"end":{"line":98,"column":13}},"39":{"start":{"line":89,"column":12},"end":{"line":89,"column":26}},"40":{"start":{"line":90,"column":12},"end":{"line":93,"column":15}},"41":{"start":{"line":97,"column":12},"end":{"line":97,"column":26}},"42":{"start":{"line":102,"column":2},"end":{"line":112,"column":10}},"43":{"start":{"line":103,"column":4},"end":{"line":111,"column":5}},"44":{"start":{"line":104,"column":6},"end":{"line":110,"column":9}},"45":{"start":{"line":105,"column":8},"end":{"line":109,"column":9}},"46":{"start":{"line":106,"column":10},"end":{"line":106,"column":27}},"47":{"start":{"line":108,"column":10},"end":{"line":108,"column":49}},"48":{"start":{"line":115,"column":0},"end":{"line":128,"column":2}},"49":{"start":{"line":116,"column":11},"end":{"line":116,"column":31}},"50":{"start":{"line":117,"column":2},"end":{"line":127,"column":5}},"51":{"start":{"line":118,"column":4},"end":{"line":126,"column":5}},"52":{"start":{"line":119,"column":6},"end":{"line":119,"column":23}},"53":{"start":{"line":121,"column":6},"end":{"line":125,"column":7}},"54":{"start":{"line":122,"column":8},"end":{"line":122,"column":24}},"55":{"start":{"line":124,"column":8},"end":{"line":124,"column":23}},"56":{"start":{"line":131,"column":12},"end":{"line":131,"column":108}},"57":{"start":{"line":132,"column":2},"end":{"line":132,"column":38}},"58":{"start":{"line":136,"column":12},"end":{"line":137,"column":130}},"59":{"start":{"line":138,"column":2},"end":{"line":138,"column":38}},"60":{"start":{"line":142,"column":12},"end":{"line":142,"column":141}},"61":{"start":{"line":143,"column":2},"end":{"line":143,"column":38}},"62":{"start":{"line":147,"column":12},"end":{"line":148,"column":114}},"63":{"start":{"line":149,"column":2},"end":{"line":149,"column":38}},"64":{"start":{"line":153,"column":12},"end":{"line":153,"column":104}},"65":{"start":{"line":154,"column":2},"end":{"line":166,"column":5}},"66":{"start":{"line":159,"column":4},"end":{"line":161,"column":5}},"67":{"start":{"line":160,"column":6},"end":{"line":160,"column":34}},"68":{"start":{"line":162,"column":4},"end":{"line":164,"column":5}},"69":{"start":{"line":163,"column":6},"end":{"line":163,"column":66}},"70":{"start":{"line":165,"column":4},"end":{"line":165,"column":49}},"71":{"start":{"line":169,"column":0},"end":{"line":187,"column":2}},"72":{"start":{"line":170,"column":17},"end":{"line":170,"column":37}},"73":{"start":{"line":171,"column":17},"end":{"line":171,"column":37}},"74":{"start":{"line":172,"column":2},"end":{"line":186,"column":5}},"75":{"start":{"line":173,"column":4},"end":{"line":185,"column":5}},"76":{"start":{"line":174,"column":6},"end":{"line":174,"column":69}},"77":{"start":{"line":176,"column":6},"end":{"line":184,"column":9}},"78":{"start":{"line":177,"column":8},"end":{"line":183,"column":9}},"79":{"start":{"line":178,"column":10},"end":{"line":178,"column":26}},"80":{"start":{"line":180,"column":10},"end":{"line":182,"column":11}},"81":{"start":{"line":181,"column":12},"end":{"line":181,"column":27}},"82":{"start":{"line":190,"column":2},"end":{"line":202,"column":4}},"83":{"start":{"line":191,"column":4},"end":{"line":201,"column":5}},"84":{"start":{"line":192,"column":6},"end":{"line":192,"column":23}},"85":{"start":{"line":194,"column":6},"end":{"line":200,"column":9}},"86":{"start":{"line":195,"column":8},"end":{"line":199,"column":9}},"87":{"start":{"line":196,"column":10},"end":{"line":196,"column":27}},"88":{"start":{"line":198,"column":10},"end":{"line":198,"column":42}},"89":{"start":{"line":206,"column":13},"end":{"line":206,"column":28}},"90":{"start":{"line":207,"column":2},"end":{"line":220,"column":7}},"91":{"start":{"line":209,"column":6},"end":{"line":219,"column":7}},"92":{"start":{"line":210,"column":8},"end":{"line":218,"column":9}},"93":{"start":{"line":211,"column":10},"end":{"line":217,"column":12}},"94":{"start":{"line":212,"column":12},"end":{"line":216,"column":13}},"95":{"start":{"line":213,"column":14},"end":{"line":213,"column":31}},"96":{"start":{"line":215,"column":14},"end":{"line":215,"column":73}},"97":{"start":{"line":223,"column":0},"end":{"line":275,"column":2}},"98":{"start":{"line":224,"column":21},"end":{"line":224,"column":42}},"99":{"start":{"line":225,"column":21},"end":{"line":225,"column":42}},"100":{"start":{"line":226,"column":14},"end":{"line":226,"column":28}},"101":{"start":{"line":227,"column":17},"end":{"line":227,"column":34}},"102":{"start":{"line":228,"column":17},"end":{"line":228,"column":34}},"103":{"start":{"line":230,"column":15},"end":{"line":230,"column":20}},"104":{"start":{"line":232,"column":2},"end":{"line":253,"column":7}},"105":{"start":{"line":234,"column":6},"end":{"line":252,"column":7}},"106":{"start":{"line":235,"column":8},"end":{"line":238,"column":11}},"107":{"start":{"line":240,"column":8},"end":{"line":251,"column":13}},"108":{"start":{"line":242,"column":12},"end":{"line":242,"column":26}},"109":{"start":{"line":243,"column":12},"end":{"line":246,"column":15}},"110":{"start":{"line":250,"column":12},"end":{"line":250,"column":26}},"111":{"start":{"line":255,"column":2},"end":{"line":273,"column":10}},"112":{"start":{"line":256,"column":4},"end":{"line":272,"column":5}},"113":{"start":{"line":257,"column":6},"end":{"line":271,"column":9}},"114":{"start":{"line":258,"column":8},"end":{"line":270,"column":9}},"115":{"start":{"line":259,"column":10},"end":{"line":259,"column":73}},"116":{"start":{"line":261,"column":10},"end":{"line":269,"column":13}},"117":{"start":{"line":262,"column":12},"end":{"line":268,"column":13}},"118":{"start":{"line":263,"column":14},"end":{"line":263,"column":42}},"119":{"start":{"line":265,"column":14},"end":{"line":267,"column":15}},"120":{"start":{"line":266,"column":16},"end":{"line":266,"column":43}}},"fnMap":{"0":{"name":"getRequestResult","decl":{"start":{"line":11,"column":9},"end":{"line":11,"column":25}},"loc":{"start":{"l
[...]
"end":{"line":183,"column":9}},"type":"if","locations":[{"start":{"line":177,"column":8},"end":{"line":183,"column":9}},{"start":{"line":177,"column":8},"end":{"line":183,"column":9}}],"line":177},"17":{"loc":{"start":{"line":180,"column":10},"end":{"line":182,"column":11}},"type":"if","locations":[{"start":{"line":180,"column":10},"end":{"line":182,"column":11}},{"start":{"line":180,"column":10},"end":{"line":182,"column":11}}],"line":180},"18":{"loc":{"start":{"line":191,"column":4},"end":{"line":201,"column":5}},"type":"if","locations":[{"start":{"line":191,"column":4},"end":{"line":201,"column":5}},{"start":{"line":191,"column":4},"end":{"line":201,"column":5}}],"line":191},"19":{"loc":{"start":{"line":195,"column":8},"end":{"line":199,"column":9}},"type":"if","locations":[{"start":{"line":195,"column":8},"end":{"line":199,"column":9}},{"start":{"line":195,"column":8},"end":{"line":199,"column":9}}],"line":195},"20":{"loc":{"start":{"line":209,"column":6},"end":{"line":219,"column":7}},"type":"if","locations":[{"start":{"line":209,"column":6},"end":{"line":219,"column":7}},{"start":{"line":209,"column":6},"end":{"line":219,"column":7}}],"line":209},"21":{"loc":{"start":{"line":212,"column":12},"end":{"line":216,"column":13}},"type":"if","locations":[{"start":{"line":212,"column":12},"end":{"line":216,"column":13}},{"start":{"line":212,"column":12},"end":{"line":216,"column":13}}],"line":212},"22":{"loc":{"start":{"line":234,"column":6},"end":{"line":252,"column":7}},"type":"if","locations":[{"start":{"line":234,"column":6},"end":{"line":252,"column":7}},{"start":{"line":234,"column":6},"end":{"line":252,"column":7}}],"line":234},"23":{"loc":{"start":{"line":256,"column":4},"end":{"line":272,"column":5}},"type":"if","locations":[{"start":{"line":256,"column":4},"end":{"line":272,"column":5}},{"start":{"line":256,"column":4},"end":{"line":272,"column":5}}],"line":256},"24":{"loc":{"start":{"line":258,"column":8},"end":{"line":270,"column":9}},"type":"if","locations":[{"start":{"line":258,"column":8},"end":{"line":270,"column":9}},{"start":{"line":258,"column":8},"end":{"line":270,"column":9}}],"line":258},"25":{"loc":{"start":{"line":262,"column":12},"end":{"line":268,"column":13}},"type":"if","locations":[{"start":{"line":262,"column":12},"end":{"line":268,"column":13}},{"start":{"line":262,"column":12},"end":{"line":268,"column":13}}],"line":262},"26":{"loc":{"start":{"line":265,"column":14},"end":{"line":267,"column":15}},"type":"if","locations":[{"start":{"line":265,"column":14},"end":{"line":267,"column":15}},{"start":{"line":265,"column":14},"end":{"line":267,"column":15}}],"line":265}},"s":{"0":1,"1":1,"2":1,"3":1,"4":0,"5":0,"6":0,"7":0,"8":0,"9":0,"10":0,"11":0,"12":0,"13":0,"14":0,"15":0,"16":0,"17":0,"18":0,"19":0,"20":0,"21":0,"22":0,"23":0,"24":0,"25":0,"26":0,"27":0,"28":0,"29":1,"30":0,"31":0,"32":0,"33":0,"34":0,"35":0,"36":0,"37":0,"38":0,"39":0,"40":0,"41":0,"42":0,"43":0,"44":0,"45":0,"46":0,"47":0,"48":1,"49":0,"50":0,"51":0,"52":0,"53":0,"54":0,"55":0,"56":0,"57":0,"58":0,"59":0,"60":0,"61":0,"62":0,"63":0,"64":0,"65":0,"66":0,"67":0,"68":0,"69":0,"70":0,"71":1,"72":0,"73":0,"74":0,"75":0,"76":0,"77":0,"78":0,"79":0,"80":0,"81":0,"82":0,"83":0,"84":0,"85":0,"86":0,"87":0,"88":0,"89":0,"90":0,"91":0,"92":0,"93":0,"94":0,"95":0,"96":0,"97":1,"98":0,"99":0,"100":0,"101":0,"102":0,"103":0,"104":0,"105":0,"106":0,"107":0,"108":0,"109":0,"110":0,"111":0,"112":0,"113":0,"114":0,"115":0,"116":0,"117":0,"118":0,"119":0,"120":0},"f":{"0":0,"1":0,"2":0,"3":0,"4":0,"5":0,"6":0,"7":0,"8":0,"9":0,"10":0,"11":0,"12":0,"13":0,"14":0,"15":0,"16":0,"17":0,"18":0,"19":0,"20":0,"21":0,"22":0,"23":0,"24":0,"25":0,"26":0,"27":0,"28":0,"29":0,"30":0,"31":0,"32":0,"33":0,"34":0,"35":0,"36":0,"37":0,"38":0,"39":0,"40":0},"b":{"0":[0,0],"1":[0,0],"2":[0,0],"3":[0,0],"4":[0,0],"5":[0,0],"6":[0,0],"7":[0,0],"8":[0,0],"9":[0,0],"10":[0,0],"11":[0,0],"12":[0,0],"13":[0,0],"14":[0,0],"15":[0,0],"16":[0,0],"17":[0,0],"18":[0,0],"19":[0,0],"20":[0,0],"21":[0,0],"22":[0,0],"23":[0,0],"24":[0,0],"25":[0,0],"26":[0,0]},"_coverageSchema":"332fd63041d2c1bcb487cc26dd0d5f7d97098a6c","hash":"60919357a9616f9954b33d6845c3afe96fd2efcd","contentHash":"ee5c221662d202083b8138d4df3e9617_10.2.0"},"C:\\Users\\admin\\Documents\\movie-pigeon-server\\backend\\email\\email.js":{"path":"C:\\Users\\admin\\Documents\\movie-pigeon-server\\backend\\email\\email.js","statementMap":{"0":{"start":{"line":2,"column":17},"end":{"line":2,"column":38}},"1":{"start":{"line":3,"column":11},"end":{"line":3,"column":39}},"2":{"start":{"line":4,"column":12},"end":{"line":4,"column":41}},"3":{"start":{"line":5,"column":13},"end":{"line":5,"column":38}},"4":{"start":{"line":8,"column":18},"end":{"line":14,"column":2}},"5":{"start":{"line":16,"column":0},"end":{"line":49,"column":2}},"6":{"start":{"line":17,"column":14},"end":{"line":17,"column":28}},"7":{"start":{"line":18,"column":17},"end":{"line":18,"column":34}},"8":{"start":{"line":19,"column":2},"end":{"line":47,"column":7}},"9":{"start":{"line":25,"column":6},"end":{"line":46,"column":7}},"10":{"start":{"line":26,"column":19},"end":{"line":26,"column":57}},"11":{"start":{"line":27,"column":8},"end":{"line":43,"column":13}},"12":{"start":{"line":33,"column":12},"end":{"line":33,"column":65}},"13":{"start":{"line":35,"column":12},"end":{"line":37,"column":23}},"14":{"start":{"line":36,"column":14},"end":{"line":36,"column":31}},"15":{"start":{"line":40,"column":12},"end":{"line":42,"column":13}},"16":{"start":{"line":41,"column":14},"end":{"line":41,"column":31}},"17":{"start":{"line":45,"column":8},"end":{"line":45,"column":63}},"18":{"start":{"line":55,"column":25},"end":{"line":55,"column":31}},"19":{"start":{"line":57,"column":13},"end":{"line":57,"column":48}},"20":{"start":{"line":59,"column":20},"end":{"line":64,"column":3}},"21":{"start":{"line":67,"column":2},"end":{"line":72,"column":5}},"22":{"start":{"line":68,"column":4},"end":{"line":70,"column":5}},"23":{"start":{"line":69,"column":6},"end":{"line":69,"column":32}},"24":{"start":{"line":71,"column":4},"end":{"line":71,"column":70}},"25":{"start":{"line":74,"column":2},"end":{"line":74,"column":26}},"26":{"start":{"line":81,"column":13},"end":{"line":87,"column":26}},"27":{"start":{"line":88,"column":2},"end":{"line":88,"column":14}},"28":{"start":{"line":102,"column":12},"end":{"line":102,"column":14}},"29":{"start":{"line":103,"column":14},"end":{"line":103,"column":78}},"30":{"start":{"line":104,"column":16},"end":{"line":104,"column":28}},"31":{"start":{"line":106,"column":2},"end":{"line":108,"column":3}},"32":{"start":{"line":107,"column":4},"end":{"line":107,"column":50}},"33":{"start":{"line":110,"column":2},"end":{"line":110,"column":22}},"34":{"start":{"line":123,"column":2},"end":{"line":123,"column":59}}},"fnMap":{"0":{"name":"(anonymous_0)","decl":{"start":{"line":16,"column":28},"end":{"line":16,"column":29}},"loc":{"start":{"line":16,"column":48},"end":{"line":49,"column":1}},"line":16},"1":{"name":"(anonymous_1)","decl":{"start":{"line":24,"column":10},"end":{"line":24,"column":11}},"loc":{"start":{"line":24,"column":27},"end":{"line":47,"column":5}},"line":24},"2":{"name":"(anonymous_2)","decl":{"start":{"line":32,"column":16},"end":{"line":32,"column":17}},"loc":{"start":{"line":32,"column":34},"end":{"line":38,"column":11}},"line":32},"3":{"name":"(anonymous_3)","decl":{"start":{"line":35,"column":23},"end":{"line":35,"column":24}},"loc":{"start":{"line":35,"column":35},"end":{"line":37,"column":13}},"line":35},"4":{"name":"(anonymous_4)","decl":{"start":{"line":39,"column":17},"end":{"line":39,"column":18}},"loc":{"start":{"line":39,"column":32},"end":{"line":43,"column":11}},"line":39},"5":{"name":"sendEmail","decl":{"start":{"line":54,"column":9},"end":{"line":54,"column":18}},"loc":{"start":{"line":54,"column":42},"end":{"line":75,"column":1}},"line":54},"6":{"name":"(anonymous_6)","decl":{"start":{"line":67,"column":36},"end":{"line":67,"column":37}},"loc":{"start":{"line":67,"column":53},"end":{"line":72,"column":3}},"line":67},"7":{"name":"getText","decl":{"start":{"line":80,"column":9},"end":{"line":80,"column":16}},"loc":{"start":{"line":80,"column":33},"end":{"line":89,"column":1}},"line":80},"8":{"name":"uid","decl":{"start":{"line":101,"column":9},"end":{"line":101,"column":12}},"loc":{"start":{"line":101,"column":18},"end":{"line":111,"column":1}},"line":101},"9":{"name":"getRandomInt","decl":{"start":{"line":122,"column":9},"end":{"line":122,"column":21}},"loc":{"start":{"line":122,"column":32},"end":{"line":124,"column":1}},"line":122}},"branchMap":{"0":{"loc":{"start":{"line":25,"column":6},"end":{"line":46,"column":7}},"type":"if","locations":[{"start":{"line":25,"column":6},"end":{"line":46,"column":7}},{"start":{"line":25,"column":6},"end":{"line":46,"column":7}}],"line":25},"1":{"loc":{"start":{"line":40,"column":12},"end":{"line":42,"column":13}},"type":"if","locations":[{"start":{"line":40,"column":12},"end":{"line":42,"column":13}},{"start":{"line":40,"column":12},"end":{"line":42,"column":13}}],"line":40},"2":{"loc":{"start":{"line":68,"column":4},"end":{"line":70,"column":5}},"type":"if","locations":[{"start":{"line":68,"column":4},"end":{"line":70,"column":5}},{"start":{"line":68,"column":4},"end":{"line":70,"column":5}}],"line":68}},"s":{"0":1,"1":1,"2":1,"3":1,"4":1,"5":1,"6":0,"7":0,"8":0,"9":0,"10":0,"11":0,"12":0,"13":0,"14":0,"15":0,"16":0,"17":0,"18":0,"19":0,"20":0,"21":0,"22":0,"23":0,"24":0,"25":0,"26":0,"27":0,"28":0,"29":0,"30":0,"31":0,"32":0,"33":0,"34":0},"f":{"0":0,"1":0,"2":0,"3":0,"4":0,"5":0,"6":0,"7":0,"8":0,"9":0},"b":{"0":[0,0],"1":[0,0],"2":[0,0]},"_coverageSchema":"332fd63041d2c1bcb487cc26dd0d5f7d97098a6c","hash":"358760170910872b1ff09baec8ea296ed9621124","contentHash":"9e79403f88bb45a72d50fc2e42f7c8dc_10.2.0"},"C:\\Users\\admin\\Documents\\movie-pigeon-server\\backend\\controllers\\cinema.js":{"path":"C:\\Users\\admin\\Documents\\movie-pigeon-server\\backend\\controllers\\cinema.js","statementMap":{"0":{"start":{"line":2,"column":13},"end":{"line":2,"column":42}},"1":{"start":{"line":5,"column":0},"end":{"line":13,"column":2}},"2":{"start":{"line":6,"column":2},"end":{"line":12,"column":5}},"3":{"start":{"line":7,"column":4},"end":{"line":11,"column":5}},"4":{"start":{"line":8,"column":6},"end":{"line":8,"column":35}},"5":{"start":{"line":10,"column":6},"end":{"line":10,"column":74}}},"fnMap":{"0":{"name":"(anonymous_0)","decl":{"start":{"line":5,"column":21},"end":{"line":5,"column":22}},"loc":{"start":{"line":5,"column":41},"end":{"line":13,"column":1}},"line":5},"1":{"name":"(anonymous_1)","decl":{"start":{"line":6,"column":29},"end":{"line":6,"column":30}},"loc":{"start":{"line":6,"column":47},"end":{"line":12,"column":3}},"line":6}},"branchMap":{"0":{"loc":{"start":{"line":7,"column":4},"end":{"line":11,"column":5}},"type":"if","locations":[{"start":{"line":7,"column":4},"end":{"line":11,"column":5}},{"start":{"line":7,"column":4},"end":{"line":11,"column":5}}],"line":7}},"s":{"0":1,"1":1,"2":1,"3":1,"4":1,"5":0},"f":{"0":1,"1":1},"b":{"0":[1,0]},"_coverageSchema":"332fd63041d2c1bcb487cc26dd0d5f7d97098a6c","hash":"8a1737e8c07634acc6004288f82b287034ab7b81","contentHash":"b6905731d8f3614590232bfb1befb0a1_10.2.0"},"C:\\Users\\admin\\Documents\\movie-pigeon-server\\backend\\proxy\\cinema.js":{"path":"C:\\Users\\admin\\Documents\\movie-pigeon-server\\backend\\proxy\\cinema.js","statementMap":{"0":{"start":{"line":1,"column":13},"end":{"line":1,"column":40}},"1":{"start":{"line":3,"column":0},"end":{"line":5,"column":2}},"2":{"start":{"line":4,"column":2},"end":{"line":4,"column":26}}},"fnMap":{"0":{"name":"(anonymous_0)","decl":{"start":{"line":3,"column":30},"end":{"line":3,"column":31}},"loc":{"start":{"line":3,"column":42},"end":{"line":5,"column":1}},"line":3}},"branchMap":{},"s":{"0":1,"1":1,"2":1},"f":{"0":1},"b":{},"_coverageSchema":"332fd63041d2c1bcb487cc26dd0d5f7d97098a6c","hash":"61265778bcf9edc599e813319cc3a8c1b1743ed9","contentHash":"3131b670315bd272cab7769430ac8d0c_10.2.0"},"C:\\Users\\admin\\Documents\\movie-pigeon-server\\backend\\controllers\\showing.js":{"path":"C:\\Users\\admin\\Documents\\movie-pigeon-server\\backend\\controllers\\showing.js","statementMap":{"0":{"start":{"line":1,"column":14},"end":{"line":1,"column":44}},"1":{"start":{"line":4,"column":0},"end":{"line":13,"column":2}},"2":{"start":{"line":5,"column":2},"end":{"line":12,"column":6}},"3":{"start":{"line":7,"column":6},"end":{"line":11,"column":7}},"4":{"start":{"line":8,"column":8},"end":{"line":8,"column":37}},"5":{"start":{"line":10,"column":8},"end":{"line":10,"column":82}},"6":{"start":{"line":16,"column":0},"end":{"line":25,"column":2}},"7":{"start":{"line":17,"column":2},"end":{"line":24,"column":6}},"8":{"start":{"line":19,"column":6},"end":{"line":23,"column":7}},"9":{"start":{"line":20,"column":8},"end":{"line":20,"column":37}},"10":{"start":{"line":22,"column":8},"end":{"line":22,"column":82}}},"fnMap":{"0":{"name":"(anonymous_0)","decl":{"start":{"line":4,"column":29},"end":{"line":4,"column":30}},"loc":{"start":{"line":4,"column":49},"end":{"line":13,"column":1}},"line":4},"1":{"name":"(anonymous_1)","decl":{"start":{"line":6,"column":10},"end":{"line":6,"column":11}},"loc":{"start":{"line":6,"column":28},"end":{"line":12,"column":5}},"line":6},"2":{"name":"(anonymous_2)","decl":{"start":{"line":16,"column":29},"end":{"line":16,"column":30}},"loc":{"start":{"line":16,"column":49},"end":{"line":25,"column":1}},"line":16},"3":{"name":"(anonymous_3)","decl":{"start":{"line":18,"column":10},"end":{"line":18,"column":11}},"loc":{"start":{"line":18,"column":28},"end":{"line":24,"column":5}},"line":18}},"branchMap":{"0":{"loc":{"start":{"line":7,"column":6},"end":{"line":11,"column":7}},"type":"if","locations":[{"start":{"line":7,"column":6},"end":{"line":11,"column":7}},{"start":{"line":7,"column":6},"end":{"line":11,"column":7}}],"line":7},"1":{"loc":{"start":{"line":19,"column":6},"end":{"line":23,"column":7}},"type":"if","locations":[{"start":{"line":19,"column":6},"end":{"line":23,"column":7}},{"start":{"line":19,"column":6},"end":{"line":23,"column":7}}],"line":19}},"s":{"0":1,"1":1,"2":2,"3":2,"4":2,"5":0,"6":1,"7":0,"8":0,"9":0,"10":0},"f":{"0":2,"1":2,"2":0,"3":0},"b":{"0":[2,0],"1":[0,0]},"_coverageSchema":"332fd63041d2c1bcb487cc26dd0d5f7d97098a6c","hash":"806ddc8775dbb90441593590c47abe774e5cbb86","contentHash":"551fa1eac8948a3701244e6cece2b39a_10.2.0"},"C:\\Users\\admin\\Documents\\movie-pigeon-server\\backend\\proxy\\showing.js":{"path":"C:\\Users\\admin\\Documents\\movie-pigeon-server\\backend\\proxy\\showing.js","statementMap":{"0":{"start":{"line":1,"column":19},"end":{"line":1,"column":55}},"1":{"start":{"line":2,"column":17},"end":{"line":2,"column":48}},"2":{"start":{"line":3,"column":15},"end":{"line":3,"column":48}},"3":{"start":{"line":4,"column":17},"end":{"line":4,"column":51}},"4":{"start":{"line":5,"column":12},"end":{"line":5,"column":41}},"5":{"start":{"line":6,"column":14},"end":{"line":6,"column":45}},"6":{"start":{"line":8,"column":25},"end":{"line":40,"column":1}},"7":{"start":{"line":9,"column":2},"end":{"line":39,"column":5}},"8":{"start":{"line":42,"column":0},"end":{"line":72,"column":2}},"9":{"start":{"line":43,"column":2},"end":{"line":71,"column":5}},"10":{"start":{"line":74,"column":0},"end":{"line":74,"column":55}}},"fnMap":{"0":{"name":"(anonymous_0)","decl":{"start":{"line":8,"column":25},"end":{"line":8,"column":26}},"loc":{"start":{"line":8,"column":53},"end":{"line":40,"column":1}},"line":8},"1":{"name":"(anonymous_1)","decl":{"start":{"line":42,"column":36},"end":{"line":42,"column":37}},"loc":{"start":{"line":42,"column":54},"end":{"line":72,"column":1}},"line":42}},"branchMap":{},"s":{"0":1,"1":1,"2":1,"3":1,"4":1,"5":1,"6":1,"7":2,"8":1,"9":0,"10":1},"f":{"0":2,"1":0},"b":{},"_coverageSchema":"332fd63041d2c1bcb487cc26dd0d5f7d97098a6c","hash":"98579530b1a206475038637cf353bd39ef82433b","contentHash":"5188811a532721e127d44ce953546e12_10.2.0"},"C:\\Users\\admin\\Documents\\movie-pigeon-server\\backend\\controllers\\recommendation.js":{"path":"C:\\Users\\admin\\Documents\\movie-pigeon-server\\backend\\controllers\\recommendation.js","statementMap":{"0":{"start":{"line":1,"column":21},"end":{"line":1,"column":55}},"1":{"start":{"line":4,"column":0},"end":{"line":18,"column":2}},"2":{"start":{"line":5,"column":15},"end":{"line":5,"column":26}},"3":{"start":{"line":7,"column":2},"end":{"line":17,"column":7}},"4":{"start":{"line":9,"column":6},"end":{"line":16,"column":7}},"5":{"start":{"line":10,"column":8},"end":{"line":10,"column":24}},"6":{"start":{"line":12,"column":8},"end":{"line":15,"column":11}}},"fnMap":{"0":{"name":"(anonymous_0)","decl":{"start":{"line":4,"column":35},"end":{"line":4,"column":36}},"loc":{"start":{"line":4,"column":55},"end":{"line":18,"column":1}},"line":4},"1":{"name":"(anonymous_1)","decl":{"start":{"line":8,"column":10},"end":{"line":8,"column":11}},"loc":{"start":{"line":8,"column":28},"end":{"line":17,"column":5}},"line":8}},"branchMap":{"0":{"loc":{"start":{"line":9,"column":6},"end":{"line":16,"column":7}},"type":"if","locations":[{"start":{"line":9,"column":6},"end":{"line":16,"column":7}},{"start":{"line":9,"column":6},"end":{"line":16,"column":7}}],"line":9}},"s":{"0":1,"1":1,"2":1,"3":1,"4":1,"5":1,"6":0},"f":{"0":1,"1":1},"b":{"0":[1,0]},"_coverageSchema":"332fd63041d2c1bcb487cc26dd0d5f7d97098a6c","hash":"6ede987ad9003557c079382d1f6f730e1f3f457c","contentHash":"0af3adc4d0dd0e1a8cc85220ea37da8e_10.2.0"},"C:\\Users\\admin\\Documents\\movie-pigeon-server\\backend\\proxy\\recommendation.js":{"path":"C:\\Users\\admin\\Documents\\movie-pigeon-server\\backend\\proxy\\recommendation.js","statementMap":{"0":{"start":{"line":1,"column":21},"end":{"line":1,"column":56}},"1":{"start":{"line":2,"column":12},"end":{"line":2,"column":38}},"2":{"start":{"line":3,"column":16},"end":{"line":3,"column":49}},"3":{"start":{"line":4,"column":17},"end":{"line":4,"column":51}},"4":{"start":{"line":5,"column":19},"end":{"line":5,"column":55}},"5":{"start":{"line":6,"column":17},"end":{"line":6,"column":48}},"6":{"start":{"line":7,"column":15},"end":{"line":7,"column":43}},"7":{"start":{"line":9,"column":0},"end":{"line":45,"column":2}},"8":{"start":{"line":10,"column":2},"end":{"line":44,"column":4}}},"fnMap":{"0":{"name":"(anonymous_0)","decl":{"start":{"line":9,"column":38},"end":{"line":9,"column":39}},"loc":{"start":{"line":9,"column":56},"end":{"line":45,"column":1}},"line":9}},"branchMap":{},"s":{"0":1,"1":1,"2":1,"3":1,"4":1,"5":1,"6":1,"7":1,"8":1},"f":{"0":1},"b":{},"_coverageSchema":"332fd63041d2c1bcb487cc26dd0d5f7d97098a6c","hash":"fe6fa70141447363a22a13ec72303319af0320f6","contentHash":"772c8b0921cc0f92e2a02ce969e57349_10.2.0"},"C:\\Users\\admin\\Documents\\movie-pigeon-server\\backend\\models\\recommendation.js":{"path":"C:\\Users\\admin\\Documents\\movie-pigeon-server\\backend\\models\\recommendation.js","statementMap":{"0":{"start":{"line":2,"column":16},"end":{"line":2,"column":34}},"1":{"start":{"line":3,"column":16},"end":{"line":3,"column":36}},"2":{"start":{"line":4,"column":11},"end":{"line":4,"column":31}},"3":{"start":{"line":5,"column":12},"end":{"line":5,"column":33}},"4":{"start":{"line":7,"column":21},"end":{"line":19,"column":2}},"5":{"start":{"line":21,"column":0},"end":{"line":21,"column":54}},"6":{"start":{"line":22,"column":0},"end":{"line":22,"column":73}},"7":{"start":{"line":24,"column":0},"end":{"line":24,"column":56}},"8":{"start":{"line":25,"column":0},"end":{"line":25,"column":81}},"9":{"start":{"line":27,"column":0},"end":{"line":27,"column":19}},"10":{"start":{"line":29,"column":0},"end":{"line":29,"column":32}}},"fnMap":{},"branchMap":{},"s":{"0":1,"1":1,"2":1,"3":1,"4":1,"5":1,"6":1,"7":1,"8":1,"9":1,"10":1},"f":{},"b":{},"_coverageSchema":"332fd63041d2c1bcb487cc26dd0d5f7d97098a6c","hash":"c0d57a1355a148d341c7e9c6515fdf3f69f8bbf3","contentHash":"e12e0529aebdd42e158ca819600edf49_10.2.0"}}